desc: --massif-out-file=massif.out
cmd: /home/TiOCS/build/src /dev/nvme0n1
time_unit: i
#-----------
snapshot=0
#-----------
time=0
mem_heap_B=0
mem_heap_extra_B=0
mem_stacks_B=0
heap_tree=empty
#-----------
snapshot=1
#-----------
time=2689844
mem_heap_B=33645496
mem_heap_extra_B=1872
mem_stacks_B=0
heap_tree=empty
#-----------
snapshot=2
#-----------
time=254409030
mem_heap_B=33645520
mem_heap_extra_B=1888
mem_stacks_B=0
heap_tree=empty
#-----------
snapshot=3
#-----------
time=267265856
mem_heap_B=34439024
mem_heap_extra_B=6144
mem_stacks_B=0
heap_tree=detailed
n4: 34439024 (heap allocation functions) malloc/new/new[], --alloc-fns, etc.
 n1: 16777216 0x156CC0: nvm_buf_set_alloc (in /home/TiOCS/build/src)
  n1: 16777216 0x155F28: nvm_bp_init (in /home/TiOCS/build/src)
   n1: 16777216 0x156086: nvm_bp_init_from_args (in /home/TiOCS/build/src)
    n1: 16777216 0x10D1FB: GlobalInitialize(int, char**) (main.cpp:44)
     n0: 16777216 0x10D2F7: main (main.cpp:94)
 n1: 16777216 0x156CD9: nvm_buf_set_alloc (in /home/TiOCS/build/src)
  n1: 16777216 0x155F28: nvm_bp_init (in /home/TiOCS/build/src)
   n1: 16777216 0x156086: nvm_bp_init_from_args (in /home/TiOCS/build/src)
    n1: 16777216 0x10D1FB: GlobalInitialize(int, char**) (main.cpp:44)
     n0: 16777216 0x10D2F7: main (main.cpp:94)
 n1: 782336 0x11D12B: __gnu_cxx::new_allocator<unsigned long>::allocate(unsigned long, void const*) (new_allocator.h:114)
  n1: 782336 0x11C439: std::allocator_traits<std::allocator<unsigned long> >::allocate(std::allocator<unsigned long>&, unsigned long) (alloc_traits.h:443)
   n2: 782336 0x11B5D1: std::_Vector_base<unsigned long, std::allocator<unsigned long> >::_M_allocate(unsigned long) (stl_vector.h:343)
    n1: 782336 0x11AC82: std::_Vector_base<unsigned long, std::allocator<unsigned long> >::_M_create_storage(unsigned long) (stl_vector.h:358)
     n1: 782336 0x119C4E: std::_Vector_base<unsigned long, std::allocator<unsigned long> >::_Vector_base(unsigned long, std::allocator<unsigned long> const&) (stl_vector.h:302)
      n1: 782336 0x11949E: std::vector<unsigned long, std::allocator<unsigned long> >::vector(std::vector<unsigned long, std::allocator<unsigned long> > const&) (stl_vector.h:552)
       n2: 782336 0x14B63B: NoFTLRun::NoFTLRun(NoFTLRun const&) (run.h:26)
        n1: 520192 0x14B6FC: void std::_Construct<NoFTLRun, NoFTLRun const&>(NoFTLRun*, NoFTLRun const&) (stl_construct.h:75)
         n1: 520192 0x14B2F6: NoFTLRun* std::__uninitialized_copy<false>::__uninit_copy<__gnu_cxx::__normal_iterator<NoFTLRun const*, std::vector<NoFTLRun, std::allocator<NoFTLRun> > >, NoFTLRun*>(__gnu_cxx::__normal_iterator<NoFTLRun const*, std::vector<NoFTLRun, std::allocator<NoFTLRun> > >, __gnu_cxx::__normal_iterator<NoFTLRun const*, std::vector<NoFTLRun, std::allocator<NoFTLRun> > >, NoFTLRun*) (stl_uninitialized.h:83)
          n1: 520192 0x14B0A1: NoFTLRun* std::uninitialized_copy<__gnu_cxx::__normal_iterator<NoFTLRun const*, std::vector<NoFTLRun, std::allocator<NoFTLRun> > >, NoFTLRun*>(__gnu_cxx::__normal_iterator<NoFTLRun const*, std::vector<NoFTLRun, std::allocator<NoFTLRun> > >, __gnu_cxx::__normal_iterator<NoFTLRun const*, std::vector<NoFTLRun, std::allocator<NoFTLRun> > >, NoFTLRun*) (stl_uninitialized.h:140)
           n1: 520192 0x14ADAA: NoFTLRun* std::__uninitialized_copy_a<__gnu_cxx::__normal_iterator<NoFTLRun const*, std::vector<NoFTLRun, std::allocator<NoFTLRun> > >, NoFTLRun*, NoFTLRun>(__gnu_cxx::__normal_iterator<NoFTLRun const*, std::vector<NoFTLRun, std::allocator<NoFTLRun> > >, __gnu_cxx::__normal_iterator<NoFTLRun const*, std::vector<NoFTLRun, std::allocator<NoFTLRun> > >, NoFTLRun*, std::allocator<NoFTLRun>&) (stl_uninitialized.h:307)
            n1: 520192 0x14A946: std::vector<NoFTLRun, std::allocator<NoFTLRun> >::vector(std::vector<NoFTLRun, std::allocator<NoFTLRun> > const&) (stl_vector.h:555)
             n1: 520192 0x14A414: NoFTLKVLevel::NoFTLKVLevel(NoFTLKVLevel const&) (level.h:26)
              n1: 520192 0x14A462: void __gnu_cxx::new_allocator<NoFTLKVLevel>::construct<NoFTLKVLevel, NoFTLKVLevel&>(NoFTLKVLevel*, NoFTLKVLevel&) (new_allocator.h:146)
               n2: 520192 0x149DEB: void std::allocator_traits<std::allocator<NoFTLKVLevel> >::construct<NoFTLKVLevel, NoFTLKVLevel&>(std::allocator<NoFTLKVLevel>&, NoFTLKVLevel*, NoFTLKVLevel&) (alloc_traits.h:483)
                n1: 425984 0x1498EB: void std::vector<NoFTLKVLevel, std::allocator<NoFTLKVLevel> >::emplace_back<NoFTLKVLevel&>(NoFTLKVLevel&) (vector.tcc:115)
                 n1: 425984 0x147A02: LSMTreeNoFTL::LSMTreeNoFTL(unsigned long, int) (StorageManager.cpp:26)
                  n1: 425984 0x148582: NoFTLKVInit() (StorageManager.cpp:387)
                   n0: 425984 0x10D31B: main (main.cpp:107)
                n0: 94208 in 1 place, below massif's threshold (1.00%)
        n0: 262144 in 1 place, below massif's threshold (1.00%)
    n0: 0 in 1 place, below massif's threshold (1.00%)
 n0: 102256 in 19 places, all below massif's threshold (1.00%)
#-----------
snapshot=4
#-----------
time=299025671
mem_heap_B=34703400
mem_heap_extra_B=77240
mem_stacks_B=0
heap_tree=empty
#-----------
snapshot=5
#-----------
time=336687026
mem_heap_B=35156472
mem_heap_extra_B=152752
mem_stacks_B=0
heap_tree=empty
#-----------
snapshot=6
#-----------
time=365052890
mem_heap_B=35485944
mem_heap_extra_B=207664
mem_stacks_B=0
heap_tree=empty
#-----------
snapshot=7
#-----------
time=380106146
mem_heap_B=35656440
mem_heap_extra_B=236080
mem_stacks_B=0
heap_tree=empty
#-----------
snapshot=8
#-----------
time=406348415
mem_heap_B=35951064
mem_heap_extra_B=285184
mem_stacks_B=0
heap_tree=empty
#-----------
snapshot=9
#-----------
time=424874877
mem_heap_B=36155400
mem_heap_extra_B=319240
mem_stacks_B=0
heap_tree=empty
#-----------
snapshot=10
#-----------
time=448453992
mem_heap_B=36415464
mem_heap_extra_B=362584
mem_stacks_B=0
heap_tree=empty
#-----------
snapshot=11
#-----------
time=479100239
mem_heap_B=36750600
mem_heap_extra_B=418440
mem_stacks_B=0
heap_tree=empty
#-----------
snapshot=12
#-----------
time=508723219
mem_heap_B=37068984
mem_heap_extra_B=471504
mem_stacks_B=0
heap_tree=empty
#-----------
snapshot=13
#-----------
time=538346115
mem_heap_B=37387368
mem_heap_extra_B=524568
mem_stacks_B=0
heap_tree=empty
#-----------
snapshot=14
#-----------
time=559891792
mem_heap_B=37614168
mem_heap_extra_B=562368
mem_stacks_B=0
heap_tree=empty
#-----------
snapshot=15
#-----------
time=576049992
mem_heap_B=37783512
mem_heap_extra_B=590592
mem_stacks_B=0
heap_tree=empty
#-----------
snapshot=16
#-----------
time=597594312
mem_heap_B=38009304
mem_heap_extra_B=628224
mem_stacks_B=0
heap_tree=detailed
n5: 38009304 (heap allocation functions) malloc/new/new[], --alloc-fns, etc.
 n1: 16777216 0x156CC0: nvm_buf_set_alloc (in /home/TiOCS/build/src)
  n1: 16777216 0x155F28: nvm_bp_init (in /home/TiOCS/build/src)
   n1: 16777216 0x156086: nvm_bp_init_from_args (in /home/TiOCS/build/src)
    n1: 16777216 0x10D1FB: GlobalInitialize(int, char**) (main.cpp:44)
     n0: 16777216 0x10D2F7: main (main.cpp:94)
 n1: 16777216 0x156CD9: nvm_buf_set_alloc (in /home/TiOCS/build/src)
  n1: 16777216 0x155F28: nvm_bp_init (in /home/TiOCS/build/src)
   n1: 16777216 0x156086: nvm_bp_init_from_args (in /home/TiOCS/build/src)
    n1: 16777216 0x10D1FB: GlobalInitialize(int, char**) (main.cpp:44)
     n0: 16777216 0x10D2F7: main (main.cpp:94)
 n1: 3727632 0x141328: __gnu_cxx::new_allocator<std::_Rb_tree_node<entry> >::allocate(unsigned long, void const*) (new_allocator.h:114)
  n1: 3727632 0x14121B: std::allocator_traits<std::allocator<std::_Rb_tree_node<entry> > >::allocate(std::allocator<std::_Rb_tree_node<entry> >&, unsigned long) (alloc_traits.h:443)
   n1: 3727632 0x14112E: std::_Rb_tree<entry, entry, std::_Identity<entry>, std::less<entry>, std::allocator<entry> >::_M_get_node() (stl_tree.h:580)
    n1: 3727632 0x1410A7: std::_Rb_tree_node<entry>* std::_Rb_tree<entry, entry, std::_Identity<entry>, std::less<entry>, std::allocator<entry> >::_M_create_node<entry const&>(entry const&) (stl_tree.h:630)
     n1: 3727632 0x140F8A: std::_Rb_tree_node<entry>* std::_Rb_tree<entry, entry, std::_Identity<entry>, std::less<entry>, std::allocator<entry> >::_Alloc_node::operator()<entry const&>(entry const&) const (stl_tree.h:548)
      n1: 3727632 0x14075F: std::_Rb_tree_iterator<entry> std::_Rb_tree<entry, entry, std::_Identity<entry>, std::less<entry>, std::allocator<entry> >::_M_insert_<entry const&, std::_Rb_tree<entry, entry, std::_Identity<entry>, std::less<entry>, std::allocator<entry> >::_Alloc_node>(std::_Rb_tree_node_base*, std::_Rb_tree_node_base*, entry const&, std::_Rb_tree<entry, entry, std::_Identity<entry>, std::less<entry>, std::allocator<entry> >::_Alloc_node&) (stl_tree.h:1815)
       n1: 3727632 0x13FCBF: std::pair<std::_Rb_tree_iterator<entry>, bool> std::_Rb_tree<entry, entry, std::_Identity<entry>, std::less<entry>, std::allocator<entry> >::_M_insert_unique<entry const&>(entry const&) (stl_tree.h:2158)
        n1: 3727632 0x13F7AD: std::set<entry, std::less<entry>, std::allocator<entry> >::insert(entry const&) (stl_set.h:511)
         n1: 3727632 0x14E265: memory_buffer::PutValue(unsigned long, unsigned long) (buffer.cpp:105)
          n1: 3727632 0x147FF9: LSMTreeNoFTL::PutValue(unsigned long, unsigned long) (StorageManager.cpp:125)
           n1: 3727632 0x14870B: NoFTLKVInit() (StorageManager.cpp:409)
            n0: 3727632 0x10D31B: main (main.cpp:107)
 n1: 520192 0x11D12B: __gnu_cxx::new_allocator<unsigned long>::allocate(unsigned long, void const*) (new_allocator.h:114)
  n1: 520192 0x11C439: std::allocator_traits<std::allocator<unsigned long> >::allocate(std::allocator<unsigned long>&, unsigned long) (alloc_traits.h:443)
   n2: 520192 0x11B5D1: std::_Vector_base<unsigned long, std::allocator<unsigned long> >::_M_allocate(unsigned long) (stl_vector.h:343)
    n1: 520192 0x11AC82: std::_Vector_base<unsigned long, std::allocator<unsigned long> >::_M_create_storage(unsigned long) (stl_vector.h:358)
     n1: 520192 0x119C4E: std::_Vector_base<unsigned long, std::allocator<unsigned long> >::_Vector_base(unsigned long, std::allocator<unsigned long> const&) (stl_vector.h:302)
      n1: 520192 0x11949E: std::vector<unsigned long, std::allocator<unsigned long> >::vector(std::vector<unsigned long, std::allocator<unsigned long> > const&) (stl_vector.h:552)
       n2: 520192 0x14B63B: NoFTLRun::NoFTLRun(NoFTLRun const&) (run.h:26)
        n1: 520192 0x14B6FC: void std::_Construct<NoFTLRun, NoFTLRun const&>(NoFTLRun*, NoFTLRun const&) (stl_construct.h:75)
         n1: 520192 0x14B2F6: NoFTLRun* std::__uninitialized_copy<false>::__uninit_copy<__gnu_cxx::__normal_iterator<NoFTLRun const*, std::vector<NoFTLRun, std::allocator<NoFTLRun> > >, NoFTLRun*>(__gnu_cxx::__normal_iterator<NoFTLRun const*, std::vector<NoFTLRun, std::allocator<NoFTLRun> > >, __gnu_cxx::__normal_iterator<NoFTLRun const*, std::vector<NoFTLRun, std::allocator<NoFTLRun> > >, NoFTLRun*) (stl_uninitialized.h:83)
          n1: 520192 0x14B0A1: NoFTLRun* std::uninitialized_copy<__gnu_cxx::__normal_iterator<NoFTLRun const*, std::vector<NoFTLRun, std::allocator<NoFTLRun> > >, NoFTLRun*>(__gnu_cxx::__normal_iterator<NoFTLRun const*, std::vector<NoFTLRun, std::allocator<NoFTLRun> > >, __gnu_cxx::__normal_iterator<NoFTLRun const*, std::vector<NoFTLRun, std::allocator<NoFTLRun> > >, NoFTLRun*) (stl_uninitialized.h:140)
           n1: 520192 0x14ADAA: NoFTLRun* std::__uninitialized_copy_a<__gnu_cxx::__normal_iterator<NoFTLRun const*, std::vector<NoFTLRun, std::allocator<NoFTLRun> > >, NoFTLRun*, NoFTLRun>(__gnu_cxx::__normal_iterator<NoFTLRun const*, std::vector<NoFTLRun, std::allocator<NoFTLRun> > >, __gnu_cxx::__normal_iterator<NoFTLRun const*, std::vector<NoFTLRun, std::allocator<NoFTLRun> > >, NoFTLRun*, std::allocator<NoFTLRun>&) (stl_uninitialized.h:307)
            n1: 520192 0x14A946: std::vector<NoFTLRun, std::allocator<NoFTLRun> >::vector(std::vector<NoFTLRun, std::allocator<NoFTLRun> > const&) (stl_vector.h:555)
             n1: 520192 0x14A414: NoFTLKVLevel::NoFTLKVLevel(NoFTLKVLevel const&) (level.h:26)
              n1: 520192 0x14A462: void __gnu_cxx::new_allocator<NoFTLKVLevel>::construct<NoFTLKVLevel, NoFTLKVLevel&>(NoFTLKVLevel*, NoFTLKVLevel&) (new_allocator.h:146)
               n2: 520192 0x149DEB: void std::allocator_traits<std::allocator<NoFTLKVLevel> >::construct<NoFTLKVLevel, NoFTLKVLevel&>(std::allocator<NoFTLKVLevel>&, NoFTLKVLevel*, NoFTLKVLevel&) (alloc_traits.h:483)
                n1: 425984 0x1498EB: void std::vector<NoFTLKVLevel, std::allocator<NoFTLKVLevel> >::emplace_back<NoFTLKVLevel&>(NoFTLKVLevel&) (vector.tcc:115)
                 n1: 425984 0x147A02: LSMTreeNoFTL::LSMTreeNoFTL(unsigned long, int) (StorageManager.cpp:26)
                  n1: 425984 0x148582: NoFTLKVInit() (StorageManager.cpp:387)
                   n0: 425984 0x10D31B: main (main.cpp:107)
                n0: 94208 in 1 place, below massif's threshold (1.00%)
        n0: 0 in 1 place, below massif's threshold (1.00%)
    n0: 0 in 1 place, below massif's threshold (1.00%)
 n0: 207048 in 20 places, all below massif's threshold (1.00%)
#-----------
snapshot=17
#-----------
time=619138671
mem_heap_B=38235096
mem_heap_extra_B=665856
mem_stacks_B=0
heap_tree=empty
#-----------
snapshot=18
#-----------
time=637989971
mem_heap_B=38432664
mem_heap_extra_B=698784
mem_stacks_B=0
heap_tree=empty
#-----------
snapshot=19
#-----------
time=662227271
mem_heap_B=38686680
mem_heap_extra_B=741120
mem_stacks_B=0
heap_tree=empty
#-----------
snapshot=20
#-----------
time=683771591
mem_heap_B=38912472
mem_heap_extra_B=778752
mem_stacks_B=0
heap_tree=empty
#-----------
snapshot=21
#-----------
time=699931248
mem_heap_B=39079848
mem_heap_extra_B=806648
mem_stacks_B=0
heap_tree=empty
#-----------
snapshot=22
#-----------
time=726874788
mem_heap_B=39355368
mem_heap_extra_B=852568
mem_stacks_B=0
heap_tree=empty
#-----------
snapshot=23
#-----------
time=743040944
mem_heap_B=39520680
mem_heap_extra_B=880120
mem_stacks_B=0
heap_tree=empty
#-----------
snapshot=24
#-----------
time=772678920
mem_heap_B=39823752
mem_heap_extra_B=930632
mem_stacks_B=0
heap_tree=empty
#-----------
snapshot=25
#-----------
time=799622420
mem_heap_B=40099272
mem_heap_extra_B=976552
mem_stacks_B=0
heap_tree=empty
#-----------
snapshot=26
#-----------
time=823871564
mem_heap_B=40347240
mem_heap_extra_B=1017880
mem_stacks_B=0
heap_tree=empty
#-----------
snapshot=27
#-----------
time=858890553
mem_heap_B=40702200
mem_heap_extra_B=1077040
mem_stacks_B=0
heap_tree=empty
#-----------
snapshot=28
#-----------
time=877737853
mem_heap_B=40890360
mem_heap_extra_B=1108400
mem_stacks_B=0
heap_tree=empty
#-----------
snapshot=29
#-----------
time=899277693
mem_heap_B=41105400
mem_heap_extra_B=1144240
mem_stacks_B=0
heap_tree=empty
#-----------
snapshot=30
#-----------
time=926202533
mem_heap_B=41374200
mem_heap_extra_B=1189040
mem_stacks_B=0
heap_tree=empty
#-----------
snapshot=31
#-----------
time=945049913
mem_heap_B=41562360
mem_heap_extra_B=1220400
mem_stacks_B=0
heap_tree=empty
#-----------
snapshot=32
#-----------
time=974667153
mem_heap_B=41858040
mem_heap_extra_B=1269680
mem_stacks_B=0
heap_tree=detailed
n5: 41858040 (heap allocation functions) malloc/new/new[], --alloc-fns, etc.
 n1: 16777216 0x156CC0: nvm_buf_set_alloc (in /home/TiOCS/build/src)
  n1: 16777216 0x155F28: nvm_bp_init (in /home/TiOCS/build/src)
   n1: 16777216 0x156086: nvm_bp_init_from_args (in /home/TiOCS/build/src)
    n1: 16777216 0x10D1FB: GlobalInitialize(int, char**) (main.cpp:44)
     n0: 16777216 0x10D2F7: main (main.cpp:94)
 n1: 16777216 0x156CD9: nvm_buf_set_alloc (in /home/TiOCS/build/src)
  n1: 16777216 0x155F28: nvm_bp_init (in /home/TiOCS/build/src)
   n1: 16777216 0x156086: nvm_bp_init_from_args (in /home/TiOCS/build/src)
    n1: 16777216 0x10D1FB: GlobalInitialize(int, char**) (main.cpp:44)
     n0: 16777216 0x10D2F7: main (main.cpp:94)
 n1: 7576368 0x141328: __gnu_cxx::new_allocator<std::_Rb_tree_node<entry> >::allocate(unsigned long, void const*) (new_allocator.h:114)
  n1: 7576368 0x14121B: std::allocator_traits<std::allocator<std::_Rb_tree_node<entry> > >::allocate(std::allocator<std::_Rb_tree_node<entry> >&, unsigned long) (alloc_traits.h:443)
   n1: 7576368 0x14112E: std::_Rb_tree<entry, entry, std::_Identity<entry>, std::less<entry>, std::allocator<entry> >::_M_get_node() (stl_tree.h:580)
    n1: 7576368 0x1410A7: std::_Rb_tree_node<entry>* std::_Rb_tree<entry, entry, std::_Identity<entry>, std::less<entry>, std::allocator<entry> >::_M_create_node<entry const&>(entry const&) (stl_tree.h:630)
     n1: 7576368 0x140F8A: std::_Rb_tree_node<entry>* std::_Rb_tree<entry, entry, std::_Identity<entry>, std::less<entry>, std::allocator<entry> >::_Alloc_node::operator()<entry const&>(entry const&) const (stl_tree.h:548)
      n1: 7576368 0x14075F: std::_Rb_tree_iterator<entry> std::_Rb_tree<entry, entry, std::_Identity<entry>, std::less<entry>, std::allocator<entry> >::_M_insert_<entry const&, std::_Rb_tree<entry, entry, std::_Identity<entry>, std::less<entry>, std::allocator<entry> >::_Alloc_node>(std::_Rb_tree_node_base*, std::_Rb_tree_node_base*, entry const&, std::_Rb_tree<entry, entry, std::_Identity<entry>, std::less<entry>, std::allocator<entry> >::_Alloc_node&) (stl_tree.h:1815)
       n1: 7576368 0x13FCBF: std::pair<std::_Rb_tree_iterator<entry>, bool> std::_Rb_tree<entry, entry, std::_Identity<entry>, std::less<entry>, std::allocator<entry> >::_M_insert_unique<entry const&>(entry const&) (stl_tree.h:2158)
        n1: 7576368 0x13F7AD: std::set<entry, std::less<entry>, std::allocator<entry> >::insert(entry const&) (stl_set.h:511)
         n1: 7576368 0x14E265: memory_buffer::PutValue(unsigned long, unsigned long) (buffer.cpp:105)
          n1: 7576368 0x147FF9: LSMTreeNoFTL::PutValue(unsigned long, unsigned long) (StorageManager.cpp:125)
           n1: 7576368 0x14870B: NoFTLKVInit() (StorageManager.cpp:409)
            n0: 7576368 0x10D31B: main (main.cpp:107)
 n1: 520192 0x11D12B: __gnu_cxx::new_allocator<unsigned long>::allocate(unsigned long, void const*) (new_allocator.h:114)
  n1: 520192 0x11C439: std::allocator_traits<std::allocator<unsigned long> >::allocate(std::allocator<unsigned long>&, unsigned long) (alloc_traits.h:443)
   n2: 520192 0x11B5D1: std::_Vector_base<unsigned long, std::allocator<unsigned long> >::_M_allocate(unsigned long) (stl_vector.h:343)
    n1: 520192 0x11AC82: std::_Vector_base<unsigned long, std::allocator<unsigned long> >::_M_create_storage(unsigned long) (stl_vector.h:358)
     n1: 520192 0x119C4E: std::_Vector_base<unsigned long, std::allocator<unsigned long> >::_Vector_base(unsigned long, std::allocator<unsigned long> const&) (stl_vector.h:302)
      n1: 520192 0x11949E: std::vector<unsigned long, std::allocator<unsigned long> >::vector(std::vector<unsigned long, std::allocator<unsigned long> > const&) (stl_vector.h:552)
       n2: 520192 0x14B63B: NoFTLRun::NoFTLRun(NoFTLRun const&) (run.h:26)
        n1: 520192 0x14B6FC: void std::_Construct<NoFTLRun, NoFTLRun const&>(NoFTLRun*, NoFTLRun const&) (stl_construct.h:75)
         n1: 520192 0x14B2F6: NoFTLRun* std::__uninitialized_copy<false>::__uninit_copy<__gnu_cxx::__normal_iterator<NoFTLRun const*, std::vector<NoFTLRun, std::allocator<NoFTLRun> > >, NoFTLRun*>(__gnu_cxx::__normal_iterator<NoFTLRun const*, std::vector<NoFTLRun, std::allocator<NoFTLRun> > >, __gnu_cxx::__normal_iterator<NoFTLRun const*, std::vector<NoFTLRun, std::allocator<NoFTLRun> > >, NoFTLRun*) (stl_uninitialized.h:83)
          n1: 520192 0x14B0A1: NoFTLRun* std::uninitialized_copy<__gnu_cxx::__normal_iterator<NoFTLRun const*, std::vector<NoFTLRun, std::allocator<NoFTLRun> > >, NoFTLRun*>(__gnu_cxx::__normal_iterator<NoFTLRun const*, std::vector<NoFTLRun, std::allocator<NoFTLRun> > >, __gnu_cxx::__normal_iterator<NoFTLRun const*, std::vector<NoFTLRun, std::allocator<NoFTLRun> > >, NoFTLRun*) (stl_uninitialized.h:140)
           n1: 520192 0x14ADAA: NoFTLRun* std::__uninitialized_copy_a<__gnu_cxx::__normal_iterator<NoFTLRun const*, std::vector<NoFTLRun, std::allocator<NoFTLRun> > >, NoFTLRun*, NoFTLRun>(__gnu_cxx::__normal_iterator<NoFTLRun const*, std::vector<NoFTLRun, std::allocator<NoFTLRun> > >, __gnu_cxx::__normal_iterator<NoFTLRun const*, std::vector<NoFTLRun, std::allocator<NoFTLRun> > >, NoFTLRun*, std::allocator<NoFTLRun>&) (stl_uninitialized.h:307)
            n1: 520192 0x14A946: std::vector<NoFTLRun, std::allocator<NoFTLRun> >::vector(std::vector<NoFTLRun, std::allocator<NoFTLRun> > const&) (stl_vector.h:555)
             n1: 520192 0x14A414: NoFTLKVLevel::NoFTLKVLevel(NoFTLKVLevel const&) (level.h:26)
              n1: 520192 0x14A462: void __gnu_cxx::new_allocator<NoFTLKVLevel>::construct<NoFTLKVLevel, NoFTLKVLevel&>(NoFTLKVLevel*, NoFTLKVLevel&) (new_allocator.h:146)
               n1: 520192 0x149DEB: void std::allocator_traits<std::allocator<NoFTLKVLevel> >::construct<NoFTLKVLevel, NoFTLKVLevel&>(std::allocator<NoFTLKVLevel>&, NoFTLKVLevel*, NoFTLKVLevel&) (alloc_traits.h:483)
                n0: 520192 in 2 places, all below massif's threshold (1.00%)
        n0: 0 in 1 place, below massif's threshold (1.00%)
    n0: 0 in 1 place, below massif's threshold (1.00%)
 n0: 207048 in 20 places, all below massif's threshold (1.00%)
#-----------
snapshot=33
#-----------
time=996206973
mem_heap_B=42073080
mem_heap_extra_B=1305520
mem_stacks_B=0
heap_tree=empty
#-----------
snapshot=34
#-----------
time=1025824292
mem_heap_B=42368760
mem_heap_extra_B=1354800
mem_stacks_B=0
heap_tree=empty
#-----------
snapshot=35
#-----------
time=1050056552
mem_heap_B=42610680
mem_heap_extra_B=1395120
mem_stacks_B=0
heap_tree=empty
#-----------
snapshot=36
#-----------
time=1071596372
mem_heap_B=42825720
mem_heap_extra_B=1430960
mem_stacks_B=0
heap_tree=empty
#-----------
snapshot=37
#-----------
time=1101213652
mem_heap_B=43121400
mem_heap_extra_B=1480240
mem_stacks_B=0
heap_tree=empty
#-----------
snapshot=38
#-----------
time=1120060992
mem_heap_B=43309560
mem_heap_extra_B=1511600
mem_stacks_B=0
heap_tree=empty
#-----------
snapshot=39
#-----------
time=1146985832
mem_heap_B=43578360
mem_heap_extra_B=1556400
mem_stacks_B=0
heap_tree=empty
#-----------
snapshot=40
#-----------
time=1171218121
mem_heap_B=43817928
mem_heap_extra_B=1596328
mem_stacks_B=0
heap_tree=empty
#-----------
snapshot=41
#-----------
time=1198141321
mem_heap_B=44080488
mem_heap_extra_B=1640088
mem_stacks_B=0
heap_tree=empty
#-----------
snapshot=42
#-----------
time=1233141705
mem_heap_B=44421816
mem_heap_extra_B=1696976
mem_stacks_B=0
heap_tree=empty
#-----------
snapshot=43
#-----------
time=1268142005
mem_heap_B=44763144
mem_heap_extra_B=1753864
mem_stacks_B=0
heap_tree=empty
#-----------
snapshot=44
#-----------
time=1292373093
mem_heap_B=44999448
mem_heap_extra_B=1793248
mem_stacks_B=0
heap_tree=empty
#-----------
snapshot=45
#-----------
time=1313911745
mem_heap_B=45209496
mem_heap_extra_B=1828256
mem_stacks_B=0
heap_tree=empty
#-----------
snapshot=46
#-----------
time=1335450437
mem_heap_B=45419544
mem_heap_extra_B=1863264
mem_stacks_B=0
heap_tree=empty
#-----------
snapshot=47
#-----------
time=1370450717
mem_heap_B=45760872
mem_heap_extra_B=1920152
mem_stacks_B=0
heap_tree=empty
#-----------
snapshot=48
#-----------
time=1397376151
mem_heap_B=46023432
mem_heap_extra_B=1963912
mem_stacks_B=0
heap_tree=empty
#-----------
snapshot=49
#-----------
time=1416222571
mem_heap_B=46207224
mem_heap_extra_B=1994544
mem_stacks_B=0
heap_tree=empty
#-----------
snapshot=50
#-----------
time=1418914863
mem_heap_B=46233480
mem_heap_extra_B=1998920
mem_stacks_B=0
heap_tree=empty
#-----------
snapshot=51
#-----------
time=1421607199
mem_heap_B=46259736
mem_heap_extra_B=2003296
mem_stacks_B=0
heap_tree=empty
#-----------
snapshot=52
#-----------
time=1424299511
mem_heap_B=46285992
mem_heap_extra_B=2007672
mem_stacks_B=0
heap_tree=empty
#-----------
snapshot=53
#-----------
time=1426991867
mem_heap_B=46312248
mem_heap_extra_B=2012048
mem_stacks_B=0
heap_tree=empty
#-----------
snapshot=54
#-----------
time=1429684199
mem_heap_B=46338504
mem_heap_extra_B=2016424
mem_stacks_B=0
heap_tree=empty
#-----------
snapshot=55
#-----------
time=1432376515
mem_heap_B=46364760
mem_heap_extra_B=2020800
mem_stacks_B=0
heap_tree=detailed
n5: 46364760 (heap allocation functions) malloc/new/new[], --alloc-fns, etc.
 n1: 16777216 0x156CC0: nvm_buf_set_alloc (in /home/TiOCS/build/src)
  n1: 16777216 0x155F28: nvm_bp_init (in /home/TiOCS/build/src)
   n1: 16777216 0x156086: nvm_bp_init_from_args (in /home/TiOCS/build/src)
    n1: 16777216 0x10D1FB: GlobalInitialize(int, char**) (main.cpp:44)
     n0: 16777216 0x10D2F7: main (main.cpp:94)
 n1: 16777216 0x156CD9: nvm_buf_set_alloc (in /home/TiOCS/build/src)
  n1: 16777216 0x155F28: nvm_bp_init (in /home/TiOCS/build/src)
   n1: 16777216 0x156086: nvm_bp_init_from_args (in /home/TiOCS/build/src)
    n1: 16777216 0x10D1FB: GlobalInitialize(int, char**) (main.cpp:44)
     n0: 16777216 0x10D2F7: main (main.cpp:94)
 n1: 12083088 0x141328: __gnu_cxx::new_allocator<std::_Rb_tree_node<entry> >::allocate(unsigned long, void const*) (new_allocator.h:114)
  n1: 12083088 0x14121B: std::allocator_traits<std::allocator<std::_Rb_tree_node<entry> > >::allocate(std::allocator<std::_Rb_tree_node<entry> >&, unsigned long) (alloc_traits.h:443)
   n1: 12083088 0x14112E: std::_Rb_tree<entry, entry, std::_Identity<entry>, std::less<entry>, std::allocator<entry> >::_M_get_node() (stl_tree.h:580)
    n1: 12083088 0x1410A7: std::_Rb_tree_node<entry>* std::_Rb_tree<entry, entry, std::_Identity<entry>, std::less<entry>, std::allocator<entry> >::_M_create_node<entry const&>(entry const&) (stl_tree.h:630)
     n1: 12083088 0x140F8A: std::_Rb_tree_node<entry>* std::_Rb_tree<entry, entry, std::_Identity<entry>, std::less<entry>, std::allocator<entry> >::_Alloc_node::operator()<entry const&>(entry const&) const (stl_tree.h:548)
      n1: 12083088 0x14075F: std::_Rb_tree_iterator<entry> std::_Rb_tree<entry, entry, std::_Identity<entry>, std::less<entry>, std::allocator<entry> >::_M_insert_<entry const&, std::_Rb_tree<entry, entry, std::_Identity<entry>, std::less<entry>, std::allocator<entry> >::_Alloc_node>(std::_Rb_tree_node_base*, std::_Rb_tree_node_base*, entry const&, std::_Rb_tree<entry, entry, std::_Identity<entry>, std::less<entry>, std::allocator<entry> >::_Alloc_node&) (stl_tree.h:1815)
       n1: 12083088 0x13FCBF: std::pair<std::_Rb_tree_iterator<entry>, bool> std::_Rb_tree<entry, entry, std::_Identity<entry>, std::less<entry>, std::allocator<entry> >::_M_insert_unique<entry const&>(entry const&) (stl_tree.h:2158)
        n1: 12083088 0x13F7AD: std::set<entry, std::less<entry>, std::allocator<entry> >::insert(entry const&) (stl_set.h:511)
         n1: 12083088 0x14E265: memory_buffer::PutValue(unsigned long, unsigned long) (buffer.cpp:105)
          n1: 12083088 0x147FF9: LSMTreeNoFTL::PutValue(unsigned long, unsigned long) (StorageManager.cpp:125)
           n1: 12083088 0x14870B: NoFTLKVInit() (StorageManager.cpp:409)
            n0: 12083088 0x10D31B: main (main.cpp:107)
 n1: 520192 0x11D12B: __gnu_cxx::new_allocator<unsigned long>::allocate(unsigned long, void const*) (new_allocator.h:114)
  n1: 520192 0x11C439: std::allocator_traits<std::allocator<unsigned long> >::allocate(std::allocator<unsigned long>&, unsigned long) (alloc_traits.h:443)
   n2: 520192 0x11B5D1: std::_Vector_base<unsigned long, std::allocator<unsigned long> >::_M_allocate(unsigned long) (stl_vector.h:343)
    n1: 520192 0x11AC82: std::_Vector_base<unsigned long, std::allocator<unsigned long> >::_M_create_storage(unsigned long) (stl_vector.h:358)
     n1: 520192 0x119C4E: std::_Vector_base<unsigned long, std::allocator<unsigned long> >::_Vector_base(unsigned long, std::allocator<unsigned long> const&) (stl_vector.h:302)
      n1: 520192 0x11949E: std::vector<unsigned long, std::allocator<unsigned long> >::vector(std::vector<unsigned long, std::allocator<unsigned long> > const&) (stl_vector.h:552)
       n2: 520192 0x14B63B: NoFTLRun::NoFTLRun(NoFTLRun const&) (run.h:26)
        n1: 520192 0x14B6FC: void std::_Construct<NoFTLRun, NoFTLRun const&>(NoFTLRun*, NoFTLRun const&) (stl_construct.h:75)
         n1: 520192 0x14B2F6: NoFTLRun* std::__uninitialized_copy<false>::__uninit_copy<__gnu_cxx::__normal_iterator<NoFTLRun const*, std::vector<NoFTLRun, std::allocator<NoFTLRun> > >, NoFTLRun*>(__gnu_cxx::__normal_iterator<NoFTLRun const*, std::vector<NoFTLRun, std::allocator<NoFTLRun> > >, __gnu_cxx::__normal_iterator<NoFTLRun const*, std::vector<NoFTLRun, std::allocator<NoFTLRun> > >, NoFTLRun*) (stl_uninitialized.h:83)
          n1: 520192 0x14B0A1: NoFTLRun* std::uninitialized_copy<__gnu_cxx::__normal_iterator<NoFTLRun const*, std::vector<NoFTLRun, std::allocator<NoFTLRun> > >, NoFTLRun*>(__gnu_cxx::__normal_iterator<NoFTLRun const*, std::vector<NoFTLRun, std::allocator<NoFTLRun> > >, __gnu_cxx::__normal_iterator<NoFTLRun const*, std::vector<NoFTLRun, std::allocator<NoFTLRun> > >, NoFTLRun*) (stl_uninitialized.h:140)
           n1: 520192 0x14ADAA: NoFTLRun* std::__uninitialized_copy_a<__gnu_cxx::__normal_iterator<NoFTLRun const*, std::vector<NoFTLRun, std::allocator<NoFTLRun> > >, NoFTLRun*, NoFTLRun>(__gnu_cxx::__normal_iterator<NoFTLRun const*, std::vector<NoFTLRun, std::allocator<NoFTLRun> > >, __gnu_cxx::__normal_iterator<NoFTLRun const*, std::vector<NoFTLRun, std::allocator<NoFTLRun> > >, NoFTLRun*, std::allocator<NoFTLRun>&) (stl_uninitialized.h:307)
            n1: 520192 0x14A946: std::vector<NoFTLRun, std::allocator<NoFTLRun> >::vector(std::vector<NoFTLRun, std::allocator<NoFTLRun> > const&) (stl_vector.h:555)
             n1: 520192 0x14A414: NoFTLKVLevel::NoFTLKVLevel(NoFTLKVLevel const&) (level.h:26)
              n1: 520192 0x14A462: void __gnu_cxx::new_allocator<NoFTLKVLevel>::construct<NoFTLKVLevel, NoFTLKVLevel&>(NoFTLKVLevel*, NoFTLKVLevel&) (new_allocator.h:146)
               n1: 520192 0x149DEB: void std::allocator_traits<std::allocator<NoFTLKVLevel> >::construct<NoFTLKVLevel, NoFTLKVLevel&>(std::allocator<NoFTLKVLevel>&, NoFTLKVLevel*, NoFTLKVLevel&) (alloc_traits.h:483)
                n0: 520192 in 2 places, all below massif's threshold (1.00%)
        n0: 0 in 1 place, below massif's threshold (1.00%)
    n0: 0 in 1 place, below massif's threshold (1.00%)
 n0: 207048 in 20 places, all below massif's threshold (1.00%)
#-----------
snapshot=56
#-----------
time=1435068807
mem_heap_B=46391016
mem_heap_extra_B=2025176
mem_stacks_B=0
heap_tree=empty
#-----------
snapshot=57
#-----------
time=1437761163
mem_heap_B=46417272
mem_heap_extra_B=2029552
mem_stacks_B=0
heap_tree=empty
#-----------
snapshot=58
#-----------
time=1440453455
mem_heap_B=46443528
mem_heap_extra_B=2033928
mem_stacks_B=0
heap_tree=empty
#-----------
snapshot=59
#-----------
time=1443145831
mem_heap_B=46469784
mem_heap_extra_B=2038304
mem_stacks_B=0
heap_tree=empty
#-----------
snapshot=60
#-----------
time=1445838243
mem_heap_B=46496040
mem_heap_extra_B=2042680
mem_stacks_B=0
heap_tree=empty
#-----------
snapshot=61
#-----------
time=1448530559
mem_heap_B=46522296
mem_heap_extra_B=2047056
mem_stacks_B=0
heap_tree=empty
#-----------
snapshot=62
#-----------
time=1451222871
mem_heap_B=46548552
mem_heap_extra_B=2051432
mem_stacks_B=0
heap_tree=empty
#-----------
snapshot=63
#-----------
time=1453915207
mem_heap_B=46574808
mem_heap_extra_B=2055808
mem_stacks_B=0
heap_tree=empty
#-----------
snapshot=64
#-----------
time=1456607499
mem_heap_B=46601064
mem_heap_extra_B=2060184
mem_stacks_B=0
heap_tree=empty
#-----------
snapshot=65
#-----------
time=1459299855
mem_heap_B=46627320
mem_heap_extra_B=2064560
mem_stacks_B=0
heap_tree=detailed
n5: 46627320 (heap allocation functions) malloc/new/new[], --alloc-fns, etc.
 n1: 16777216 0x156CC0: nvm_buf_set_alloc (in /home/TiOCS/build/src)
  n1: 16777216 0x155F28: nvm_bp_init (in /home/TiOCS/build/src)
   n1: 16777216 0x156086: nvm_bp_init_from_args (in /home/TiOCS/build/src)
    n1: 16777216 0x10D1FB: GlobalInitialize(int, char**) (main.cpp:44)
     n0: 16777216 0x10D2F7: main (main.cpp:94)
 n1: 16777216 0x156CD9: nvm_buf_set_alloc (in /home/TiOCS/build/src)
  n1: 16777216 0x155F28: nvm_bp_init (in /home/TiOCS/build/src)
   n1: 16777216 0x156086: nvm_bp_init_from_args (in /home/TiOCS/build/src)
    n1: 16777216 0x10D1FB: GlobalInitialize(int, char**) (main.cpp:44)
     n0: 16777216 0x10D2F7: main (main.cpp:94)
 n1: 12345648 0x141328: __gnu_cxx::new_allocator<std::_Rb_tree_node<entry> >::allocate(unsigned long, void const*) (new_allocator.h:114)
  n1: 12345648 0x14121B: std::allocator_traits<std::allocator<std::_Rb_tree_node<entry> > >::allocate(std::allocator<std::_Rb_tree_node<entry> >&, unsigned long) (alloc_traits.h:443)
   n1: 12345648 0x14112E: std::_Rb_tree<entry, entry, std::_Identity<entry>, std::less<entry>, std::allocator<entry> >::_M_get_node() (stl_tree.h:580)
    n1: 12345648 0x1410A7: std::_Rb_tree_node<entry>* std::_Rb_tree<entry, entry, std::_Identity<entry>, std::less<entry>, std::allocator<entry> >::_M_create_node<entry const&>(entry const&) (stl_tree.h:630)
     n1: 12345648 0x140F8A: std::_Rb_tree_node<entry>* std::_Rb_tree<entry, entry, std::_Identity<entry>, std::less<entry>, std::allocator<entry> >::_Alloc_node::operator()<entry const&>(entry const&) const (stl_tree.h:548)
      n1: 12345648 0x14075F: std::_Rb_tree_iterator<entry> std::_Rb_tree<entry, entry, std::_Identity<entry>, std::less<entry>, std::allocator<entry> >::_M_insert_<entry const&, std::_Rb_tree<entry, entry, std::_Identity<entry>, std::less<entry>, std::allocator<entry> >::_Alloc_node>(std::_Rb_tree_node_base*, std::_Rb_tree_node_base*, entry const&, std::_Rb_tree<entry, entry, std::_Identity<entry>, std::less<entry>, std::allocator<entry> >::_Alloc_node&) (stl_tree.h:1815)
       n1: 12345648 0x13FCBF: std::pair<std::_Rb_tree_iterator<entry>, bool> std::_Rb_tree<entry, entry, std::_Identity<entry>, std::less<entry>, std::allocator<entry> >::_M_insert_unique<entry const&>(entry const&) (stl_tree.h:2158)
        n1: 12345648 0x13F7AD: std::set<entry, std::less<entry>, std::allocator<entry> >::insert(entry const&) (stl_set.h:511)
         n1: 12345648 0x14E265: memory_buffer::PutValue(unsigned long, unsigned long) (buffer.cpp:105)
          n1: 12345648 0x147FF9: LSMTreeNoFTL::PutValue(unsigned long, unsigned long) (StorageManager.cpp:125)
           n1: 12345648 0x14870B: NoFTLKVInit() (StorageManager.cpp:409)
            n0: 12345648 0x10D31B: main (main.cpp:107)
 n1: 520192 0x11D12B: __gnu_cxx::new_allocator<unsigned long>::allocate(unsigned long, void const*) (new_allocator.h:114)
  n1: 520192 0x11C439: std::allocator_traits<std::allocator<unsigned long> >::allocate(std::allocator<unsigned long>&, unsigned long) (alloc_traits.h:443)
   n2: 520192 0x11B5D1: std::_Vector_base<unsigned long, std::allocator<unsigned long> >::_M_allocate(unsigned long) (stl_vector.h:343)
    n1: 520192 0x11AC82: std::_Vector_base<unsigned long, std::allocator<unsigned long> >::_M_create_storage(unsigned long) (stl_vector.h:358)
     n1: 520192 0x119C4E: std::_Vector_base<unsigned long, std::allocator<unsigned long> >::_Vector_base(unsigned long, std::allocator<unsigned long> const&) (stl_vector.h:302)
      n1: 520192 0x11949E: std::vector<unsigned long, std::allocator<unsigned long> >::vector(std::vector<unsigned long, std::allocator<unsigned long> > const&) (stl_vector.h:552)
       n2: 520192 0x14B63B: NoFTLRun::NoFTLRun(NoFTLRun const&) (run.h:26)
        n1: 520192 0x14B6FC: void std::_Construct<NoFTLRun, NoFTLRun const&>(NoFTLRun*, NoFTLRun const&) (stl_construct.h:75)
         n1: 520192 0x14B2F6: NoFTLRun* std::__uninitialized_copy<false>::__uninit_copy<__gnu_cxx::__normal_iterator<NoFTLRun const*, std::vector<NoFTLRun, std::allocator<NoFTLRun> > >, NoFTLRun*>(__gnu_cxx::__normal_iterator<NoFTLRun const*, std::vector<NoFTLRun, std::allocator<NoFTLRun> > >, __gnu_cxx::__normal_iterator<NoFTLRun const*, std::vector<NoFTLRun, std::allocator<NoFTLRun> > >, NoFTLRun*) (stl_uninitialized.h:83)
          n1: 520192 0x14B0A1: NoFTLRun* std::uninitialized_copy<__gnu_cxx::__normal_iterator<NoFTLRun const*, std::vector<NoFTLRun, std::allocator<NoFTLRun> > >, NoFTLRun*>(__gnu_cxx::__normal_iterator<NoFTLRun const*, std::vector<NoFTLRun, std::allocator<NoFTLRun> > >, __gnu_cxx::__normal_iterator<NoFTLRun const*, std::vector<NoFTLRun, std::allocator<NoFTLRun> > >, NoFTLRun*) (stl_uninitialized.h:140)
           n1: 520192 0x14ADAA: NoFTLRun* std::__uninitialized_copy_a<__gnu_cxx::__normal_iterator<NoFTLRun const*, std::vector<NoFTLRun, std::allocator<NoFTLRun> > >, NoFTLRun*, NoFTLRun>(__gnu_cxx::__normal_iterator<NoFTLRun const*, std::vector<NoFTLRun, std::allocator<NoFTLRun> > >, __gnu_cxx::__normal_iterator<NoFTLRun const*, std::vector<NoFTLRun, std::allocator<NoFTLRun> > >, NoFTLRun*, std::allocator<NoFTLRun>&) (stl_uninitialized.h:307)
            n1: 520192 0x14A946: std::vector<NoFTLRun, std::allocator<NoFTLRun> >::vector(std::vector<NoFTLRun, std::allocator<NoFTLRun> > const&) (stl_vector.h:555)
             n1: 520192 0x14A414: NoFTLKVLevel::NoFTLKVLevel(NoFTLKVLevel const&) (level.h:26)
              n1: 520192 0x14A462: void __gnu_cxx::new_allocator<NoFTLKVLevel>::construct<NoFTLKVLevel, NoFTLKVLevel&>(NoFTLKVLevel*, NoFTLKVLevel&) (new_allocator.h:146)
               n1: 520192 0x149DEB: void std::allocator_traits<std::allocator<NoFTLKVLevel> >::construct<NoFTLKVLevel, NoFTLKVLevel&>(std::allocator<NoFTLKVLevel>&, NoFTLKVLevel*, NoFTLKVLevel&) (alloc_traits.h:483)
                n0: 520192 in 2 places, all below massif's threshold (1.00%)
        n0: 0 in 1 place, below massif's threshold (1.00%)
    n0: 0 in 1 place, below massif's threshold (1.00%)
 n0: 207048 in 20 places, all below massif's threshold (1.00%)
#-----------
snapshot=66
#-----------
time=1461992147
mem_heap_B=46653576
mem_heap_extra_B=2068936
mem_stacks_B=0
heap_tree=empty
#-----------
snapshot=67
#-----------
time=1464684523
mem_heap_B=46679832
mem_heap_extra_B=2073312
mem_stacks_B=0
heap_tree=empty
#-----------
snapshot=68
#-----------
time=1467376835
mem_heap_B=46706088
mem_heap_extra_B=2077688
mem_stacks_B=0
heap_tree=empty
#-----------
snapshot=69
#-----------
time=1470069151
mem_heap_B=46732344
mem_heap_extra_B=2082064
mem_stacks_B=0
heap_tree=empty
#-----------
snapshot=70
#-----------
time=1472763617
mem_heap_B=46758600
mem_heap_extra_B=2086440
mem_stacks_B=0
heap_tree=empty
#-----------
snapshot=71
#-----------
time=1475455993
mem_heap_B=46784856
mem_heap_extra_B=2090816
mem_stacks_B=0
heap_tree=empty
#-----------
snapshot=72
#-----------
time=1478148245
mem_heap_B=46811112
mem_heap_extra_B=2095192
mem_stacks_B=0
heap_tree=empty
#-----------
snapshot=73
#-----------
time=1480840601
mem_heap_B=46837368
mem_heap_extra_B=2099568
mem_stacks_B=0
heap_tree=empty
#-----------
snapshot=74
#-----------
time=1483532873
mem_heap_B=46863624
mem_heap_extra_B=2103944
mem_stacks_B=0
heap_tree=empty
#-----------
snapshot=75
#-----------
time=1483635355
mem_heap_B=46864632
mem_heap_extra_B=2104120
mem_stacks_B=0
heap_tree=detailed
n5: 46864632 (heap allocation functions) malloc/new/new[], --alloc-fns, etc.
 n1: 16777216 0x156CC0: nvm_buf_set_alloc (in /home/TiOCS/build/src)
  n1: 16777216 0x155F28: nvm_bp_init (in /home/TiOCS/build/src)
   n1: 16777216 0x156086: nvm_bp_init_from_args (in /home/TiOCS/build/src)
    n1: 16777216 0x10D1FB: GlobalInitialize(int, char**) (main.cpp:44)
     n0: 16777216 0x10D2F7: main (main.cpp:94)
 n1: 16777216 0x156CD9: nvm_buf_set_alloc (in /home/TiOCS/build/src)
  n1: 16777216 0x155F28: nvm_bp_init (in /home/TiOCS/build/src)
   n1: 16777216 0x156086: nvm_bp_init_from_args (in /home/TiOCS/build/src)
    n1: 16777216 0x10D1FB: GlobalInitialize(int, char**) (main.cpp:44)
     n0: 16777216 0x10D2F7: main (main.cpp:94)
 n1: 12582912 0x141328: __gnu_cxx::new_allocator<std::_Rb_tree_node<entry> >::allocate(unsigned long, void const*) (new_allocator.h:114)
  n1: 12582912 0x14121B: std::allocator_traits<std::allocator<std::_Rb_tree_node<entry> > >::allocate(std::allocator<std::_Rb_tree_node<entry> >&, unsigned long) (alloc_traits.h:443)
   n1: 12582912 0x14112E: std::_Rb_tree<entry, entry, std::_Identity<entry>, std::less<entry>, std::allocator<entry> >::_M_get_node() (stl_tree.h:580)
    n1: 12582912 0x1410A7: std::_Rb_tree_node<entry>* std::_Rb_tree<entry, entry, std::_Identity<entry>, std::less<entry>, std::allocator<entry> >::_M_create_node<entry const&>(entry const&) (stl_tree.h:630)
     n1: 12582912 0x140F8A: std::_Rb_tree_node<entry>* std::_Rb_tree<entry, entry, std::_Identity<entry>, std::less<entry>, std::allocator<entry> >::_Alloc_node::operator()<entry const&>(entry const&) const (stl_tree.h:548)
      n1: 12582912 0x14075F: std::_Rb_tree_iterator<entry> std::_Rb_tree<entry, entry, std::_Identity<entry>, std::less<entry>, std::allocator<entry> >::_M_insert_<entry const&, std::_Rb_tree<entry, entry, std::_Identity<entry>, std::less<entry>, std::allocator<entry> >::_Alloc_node>(std::_Rb_tree_node_base*, std::_Rb_tree_node_base*, entry const&, std::_Rb_tree<entry, entry, std::_Identity<entry>, std::less<entry>, std::allocator<entry> >::_Alloc_node&) (stl_tree.h:1815)
       n1: 12582912 0x13FCBF: std::pair<std::_Rb_tree_iterator<entry>, bool> std::_Rb_tree<entry, entry, std::_Identity<entry>, std::less<entry>, std::allocator<entry> >::_M_insert_unique<entry const&>(entry const&) (stl_tree.h:2158)
        n1: 12582912 0x13F7AD: std::set<entry, std::less<entry>, std::allocator<entry> >::insert(entry const&) (stl_set.h:511)
         n1: 12582912 0x14E265: memory_buffer::PutValue(unsigned long, unsigned long) (buffer.cpp:105)
          n1: 12582912 0x147FF9: LSMTreeNoFTL::PutValue(unsigned long, unsigned long) (StorageManager.cpp:125)
           n1: 12582912 0x14870B: NoFTLKVInit() (StorageManager.cpp:409)
            n0: 12582912 0x10D31B: main (main.cpp:107)
 n1: 520192 0x11D12B: __gnu_cxx::new_allocator<unsigned long>::allocate(unsigned long, void const*) (new_allocator.h:114)
  n1: 520192 0x11C439: std::allocator_traits<std::allocator<unsigned long> >::allocate(std::allocator<unsigned long>&, unsigned long) (alloc_traits.h:443)
   n2: 520192 0x11B5D1: std::_Vector_base<unsigned long, std::allocator<unsigned long> >::_M_allocate(unsigned long) (stl_vector.h:343)
    n1: 520192 0x11AC82: std::_Vector_base<unsigned long, std::allocator<unsigned long> >::_M_create_storage(unsigned long) (stl_vector.h:358)
     n1: 520192 0x119C4E: std::_Vector_base<unsigned long, std::allocator<unsigned long> >::_Vector_base(unsigned long, std::allocator<unsigned long> const&) (stl_vector.h:302)
      n1: 520192 0x11949E: std::vector<unsigned long, std::allocator<unsigned long> >::vector(std::vector<unsigned long, std::allocator<unsigned long> > const&) (stl_vector.h:552)
       n2: 520192 0x14B63B: NoFTLRun::NoFTLRun(NoFTLRun const&) (run.h:26)
        n1: 520192 0x14B6FC: void std::_Construct<NoFTLRun, NoFTLRun const&>(NoFTLRun*, NoFTLRun const&) (stl_construct.h:75)
         n1: 520192 0x14B2F6: NoFTLRun* std::__uninitialized_copy<false>::__uninit_copy<__gnu_cxx::__normal_iterator<NoFTLRun const*, std::vector<NoFTLRun, std::allocator<NoFTLRun> > >, NoFTLRun*>(__gnu_cxx::__normal_iterator<NoFTLRun const*, std::vector<NoFTLRun, std::allocator<NoFTLRun> > >, __gnu_cxx::__normal_iterator<NoFTLRun const*, std::vector<NoFTLRun, std::allocator<NoFTLRun> > >, NoFTLRun*) (stl_uninitialized.h:83)
          n1: 520192 0x14B0A1: NoFTLRun* std::uninitialized_copy<__gnu_cxx::__normal_iterator<NoFTLRun const*, std::vector<NoFTLRun, std::allocator<NoFTLRun> > >, NoFTLRun*>(__gnu_cxx::__normal_iterator<NoFTLRun const*, std::vector<NoFTLRun, std::allocator<NoFTLRun> > >, __gnu_cxx::__normal_iterator<NoFTLRun const*, std::vector<NoFTLRun, std::allocator<NoFTLRun> > >, NoFTLRun*) (stl_uninitialized.h:140)
           n1: 520192 0x14ADAA: NoFTLRun* std::__uninitialized_copy_a<__gnu_cxx::__normal_iterator<NoFTLRun const*, std::vector<NoFTLRun, std::allocator<NoFTLRun> > >, NoFTLRun*, NoFTLRun>(__gnu_cxx::__normal_iterator<NoFTLRun const*, std::vector<NoFTLRun, std::allocator<NoFTLRun> > >, __gnu_cxx::__normal_iterator<NoFTLRun const*, std::vector<NoFTLRun, std::allocator<NoFTLRun> > >, NoFTLRun*, std::allocator<NoFTLRun>&) (stl_uninitialized.h:307)
            n1: 520192 0x14A946: std::vector<NoFTLRun, std::allocator<NoFTLRun> >::vector(std::vector<NoFTLRun, std::allocator<NoFTLRun> > const&) (stl_vector.h:555)
             n1: 520192 0x14A414: NoFTLKVLevel::NoFTLKVLevel(NoFTLKVLevel const&) (level.h:26)
              n1: 520192 0x14A462: void __gnu_cxx::new_allocator<NoFTLKVLevel>::construct<NoFTLKVLevel, NoFTLKVLevel&>(NoFTLKVLevel*, NoFTLKVLevel&) (new_allocator.h:146)
               n1: 520192 0x149DEB: void std::allocator_traits<std::allocator<NoFTLKVLevel> >::construct<NoFTLKVLevel, NoFTLKVLevel&>(std::allocator<NoFTLKVLevel>&, NoFTLKVLevel*, NoFTLKVLevel&) (alloc_traits.h:483)
                n0: 520192 in 2 places, all below massif's threshold (1.00%)
        n0: 0 in 1 place, below massif's threshold (1.00%)
    n0: 0 in 1 place, below massif's threshold (1.00%)
 n0: 207096 in 21 places, all below massif's threshold (1.00%)
#-----------
snapshot=76
#-----------
time=1488281698
mem_heap_B=47651016
mem_heap_extra_B=2104120
mem_stacks_B=0
heap_tree=empty
#-----------
snapshot=77
#-----------
time=1488544376
mem_heap_B=47651016
mem_heap_extra_B=2104120
mem_stacks_B=0
heap_tree=detailed
n6: 47651016 (heap allocation functions) malloc/new/new[], --alloc-fns, etc.
 n1: 16777216 0x156CC0: nvm_buf_set_alloc (in /home/TiOCS/build/src)
  n1: 16777216 0x155F28: nvm_bp_init (in /home/TiOCS/build/src)
   n1: 16777216 0x156086: nvm_bp_init_from_args (in /home/TiOCS/build/src)
    n1: 16777216 0x10D1FB: GlobalInitialize(int, char**) (main.cpp:44)
     n0: 16777216 0x10D2F7: main (main.cpp:94)
 n1: 16777216 0x156CD9: nvm_buf_set_alloc (in /home/TiOCS/build/src)
  n1: 16777216 0x155F28: nvm_bp_init (in /home/TiOCS/build/src)
   n1: 16777216 0x156086: nvm_bp_init_from_args (in /home/TiOCS/build/src)
    n1: 16777216 0x10D1FB: GlobalInitialize(int, char**) (main.cpp:44)
     n0: 16777216 0x10D2F7: main (main.cpp:94)
 n1: 12582912 0x141328: __gnu_cxx::new_allocator<std::_Rb_tree_node<entry> >::allocate(unsigned long, void const*) (new_allocator.h:114)
  n1: 12582912 0x14121B: std::allocator_traits<std::allocator<std::_Rb_tree_node<entry> > >::allocate(std::allocator<std::_Rb_tree_node<entry> >&, unsigned long) (alloc_traits.h:443)
   n1: 12582912 0x14112E: std::_Rb_tree<entry, entry, std::_Identity<entry>, std::less<entry>, std::allocator<entry> >::_M_get_node() (stl_tree.h:580)
    n1: 12582912 0x1410A7: std::_Rb_tree_node<entry>* std::_Rb_tree<entry, entry, std::_Identity<entry>, std::less<entry>, std::allocator<entry> >::_M_create_node<entry const&>(entry const&) (stl_tree.h:630)
     n1: 12582912 0x140F8A: std::_Rb_tree_node<entry>* std::_Rb_tree<entry, entry, std::_Identity<entry>, std::less<entry>, std::allocator<entry> >::_Alloc_node::operator()<entry const&>(entry const&) const (stl_tree.h:548)
      n1: 12582912 0x14075F: std::_Rb_tree_iterator<entry> std::_Rb_tree<entry, entry, std::_Identity<entry>, std::less<entry>, std::allocator<entry> >::_M_insert_<entry const&, std::_Rb_tree<entry, entry, std::_Identity<entry>, std::less<entry>, std::allocator<entry> >::_Alloc_node>(std::_Rb_tree_node_base*, std::_Rb_tree_node_base*, entry const&, std::_Rb_tree<entry, entry, std::_Identity<entry>, std::less<entry>, std::allocator<entry> >::_Alloc_node&) (stl_tree.h:1815)
       n1: 12582912 0x13FCBF: std::pair<std::_Rb_tree_iterator<entry>, bool> std::_Rb_tree<entry, entry, std::_Identity<entry>, std::less<entry>, std::allocator<entry> >::_M_insert_unique<entry const&>(entry const&) (stl_tree.h:2158)
        n1: 12582912 0x13F7AD: std::set<entry, std::less<entry>, std::allocator<entry> >::insert(entry const&) (stl_set.h:511)
         n1: 12582912 0x14E265: memory_buffer::PutValue(unsigned long, unsigned long) (buffer.cpp:105)
          n1: 12582912 0x147FF9: LSMTreeNoFTL::PutValue(unsigned long, unsigned long) (StorageManager.cpp:125)
           n1: 12582912 0x14870B: NoFTLKVInit() (StorageManager.cpp:409)
            n0: 12582912 0x10D31B: main (main.cpp:107)
 n1: 786432 0x11D58D: __gnu_cxx::new_allocator<entry>::allocate(unsigned long, void const*) (new_allocator.h:114)
  n1: 786432 0x11CB7E: std::allocator_traits<std::allocator<entry> >::allocate(std::allocator<entry>&, unsigned long) (alloc_traits.h:443)
   n1: 786432 0x11BDB1: std::_Vector_base<entry, std::allocator<entry> >::_M_allocate(unsigned long) (stl_vector.h:343)
    n1: 786432 0x14026E: void std::vector<entry, std::allocator<entry> >::_M_realloc_insert<entry const&>(__gnu_cxx::__normal_iterator<entry*, std::vector<entry, std::allocator<entry> > >, entry const&) (vector.tcc:440)
     n1: 786432 0x13FBDB: void std::vector<entry, std::allocator<entry> >::emplace_back<entry const&>(entry const&) (vector.tcc:121)
      n1: 786432 0x14E5BC: memory_buffer::GetEntries() (buffer.cpp:220)
       n1: 786432 0x148045: LSMTreeNoFTL::PutValue(unsigned long, unsigned long) (StorageManager.cpp:136)
        n1: 786432 0x14870B: NoFTLKVInit() (StorageManager.cpp:409)
         n0: 786432 0x10D31B: main (main.cpp:107)
 n1: 520192 0x11D12B: __gnu_cxx::new_allocator<unsigned long>::allocate(unsigned long, void const*) (new_allocator.h:114)
  n1: 520192 0x11C439: std::allocator_traits<std::allocator<unsigned long> >::allocate(std::allocator<unsigned long>&, unsigned long) (alloc_traits.h:443)
   n2: 520192 0x11B5D1: std::_Vector_base<unsigned long, std::allocator<unsigned long> >::_M_allocate(unsigned long) (stl_vector.h:343)
    n1: 520192 0x11AC82: std::_Vector_base<unsigned long, std::allocator<unsigned long> >::_M_create_storage(unsigned long) (stl_vector.h:358)
     n1: 520192 0x119C4E: std::_Vector_base<unsigned long, std::allocator<unsigned long> >::_Vector_base(unsigned long, std::allocator<unsigned long> const&) (stl_vector.h:302)
      n1: 520192 0x11949E: std::vector<unsigned long, std::allocator<unsigned long> >::vector(std::vector<unsigned long, std::allocator<unsigned long> > const&) (stl_vector.h:552)
       n2: 520192 0x14B63B: NoFTLRun::NoFTLRun(NoFTLRun const&) (run.h:26)
        n1: 520192 0x14B6FC: void std::_Construct<NoFTLRun, NoFTLRun const&>(NoFTLRun*, NoFTLRun const&) (stl_construct.h:75)
         n1: 520192 0x14B2F6: NoFTLRun* std::__uninitialized_copy<false>::__uninit_copy<__gnu_cxx::__normal_iterator<NoFTLRun const*, std::vector<NoFTLRun, std::allocator<NoFTLRun> > >, NoFTLRun*>(__gnu_cxx::__normal_iterator<NoFTLRun const*, std::vector<NoFTLRun, std::allocator<NoFTLRun> > >, __gnu_cxx::__normal_iterator<NoFTLRun const*, std::vector<NoFTLRun, std::allocator<NoFTLRun> > >, NoFTLRun*) (stl_uninitialized.h:83)
          n1: 520192 0x14B0A1: NoFTLRun* std::uninitialized_copy<__gnu_cxx::__normal_iterator<NoFTLRun const*, std::vector<NoFTLRun, std::allocator<NoFTLRun> > >, NoFTLRun*>(__gnu_cxx::__normal_iterator<NoFTLRun const*, std::vector<NoFTLRun, std::allocator<NoFTLRun> > >, __gnu_cxx::__normal_iterator<NoFTLRun const*, std::vector<NoFTLRun, std::allocator<NoFTLRun> > >, NoFTLRun*) (stl_uninitialized.h:140)
           n1: 520192 0x14ADAA: NoFTLRun* std::__uninitialized_copy_a<__gnu_cxx::__normal_iterator<NoFTLRun const*, std::vector<NoFTLRun, std::allocator<NoFTLRun> > >, NoFTLRun*, NoFTLRun>(__gnu_cxx::__normal_iterator<NoFTLRun const*, std::vector<NoFTLRun, std::allocator<NoFTLRun> > >, __gnu_cxx::__normal_iterator<NoFTLRun const*, std::vector<NoFTLRun, std::allocator<NoFTLRun> > >, NoFTLRun*, std::allocator<NoFTLRun>&) (stl_uninitialized.h:307)
            n1: 520192 0x14A946: std::vector<NoFTLRun, std::allocator<NoFTLRun> >::vector(std::vector<NoFTLRun, std::allocator<NoFTLRun> > const&) (stl_vector.h:555)
             n1: 520192 0x14A414: NoFTLKVLevel::NoFTLKVLevel(NoFTLKVLevel const&) (level.h:26)
              n1: 520192 0x14A462: void __gnu_cxx::new_allocator<NoFTLKVLevel>::construct<NoFTLKVLevel, NoFTLKVLevel&>(NoFTLKVLevel*, NoFTLKVLevel&) (new_allocator.h:146)
               n1: 520192 0x149DEB: void std::allocator_traits<std::allocator<NoFTLKVLevel> >::construct<NoFTLKVLevel, NoFTLKVLevel&>(std::allocator<NoFTLKVLevel>&, NoFTLKVLevel*, NoFTLKVLevel&) (alloc_traits.h:483)
                n0: 520192 in 2 places, all below massif's threshold (1.00%)
        n0: 0 in 1 place, below massif's threshold (1.00%)
    n0: 0 in 1 place, below massif's threshold (1.00%)
 n0: 207048 in 20 places, all below massif's threshold (1.00%)
#-----------
snapshot=78
#-----------
time=1492923450
mem_heap_B=48437448
mem_heap_extra_B=2104120
mem_stacks_B=0
heap_tree=empty
#-----------
snapshot=79
#-----------
time=1493448272
mem_heap_B=48437448
mem_heap_extra_B=2104120
mem_stacks_B=0
heap_tree=detailed
n6: 48437448 (heap allocation functions) malloc/new/new[], --alloc-fns, etc.
 n1: 16777216 0x156CC0: nvm_buf_set_alloc (in /home/TiOCS/build/src)
  n1: 16777216 0x155F28: nvm_bp_init (in /home/TiOCS/build/src)
   n1: 16777216 0x156086: nvm_bp_init_from_args (in /home/TiOCS/build/src)
    n1: 16777216 0x10D1FB: GlobalInitialize(int, char**) (main.cpp:44)
     n0: 16777216 0x10D2F7: main (main.cpp:94)
 n1: 16777216 0x156CD9: nvm_buf_set_alloc (in /home/TiOCS/build/src)
  n1: 16777216 0x155F28: nvm_bp_init (in /home/TiOCS/build/src)
   n1: 16777216 0x156086: nvm_bp_init_from_args (in /home/TiOCS/build/src)
    n1: 16777216 0x10D1FB: GlobalInitialize(int, char**) (main.cpp:44)
     n0: 16777216 0x10D2F7: main (main.cpp:94)
 n1: 12582912 0x141328: __gnu_cxx::new_allocator<std::_Rb_tree_node<entry> >::allocate(unsigned long, void const*) (new_allocator.h:114)
  n1: 12582912 0x14121B: std::allocator_traits<std::allocator<std::_Rb_tree_node<entry> > >::allocate(std::allocator<std::_Rb_tree_node<entry> >&, unsigned long) (alloc_traits.h:443)
   n1: 12582912 0x14112E: std::_Rb_tree<entry, entry, std::_Identity<entry>, std::less<entry>, std::allocator<entry> >::_M_get_node() (stl_tree.h:580)
    n1: 12582912 0x1410A7: std::_Rb_tree_node<entry>* std::_Rb_tree<entry, entry, std::_Identity<entry>, std::less<entry>, std::allocator<entry> >::_M_create_node<entry const&>(entry const&) (stl_tree.h:630)
     n1: 12582912 0x140F8A: std::_Rb_tree_node<entry>* std::_Rb_tree<entry, entry, std::_Identity<entry>, std::less<entry>, std::allocator<entry> >::_Alloc_node::operator()<entry const&>(entry const&) const (stl_tree.h:548)
      n1: 12582912 0x14075F: std::_Rb_tree_iterator<entry> std::_Rb_tree<entry, entry, std::_Identity<entry>, std::less<entry>, std::allocator<entry> >::_M_insert_<entry const&, std::_Rb_tree<entry, entry, std::_Identity<entry>, std::less<entry>, std::allocator<entry> >::_Alloc_node>(std::_Rb_tree_node_base*, std::_Rb_tree_node_base*, entry const&, std::_Rb_tree<entry, entry, std::_Identity<entry>, std::less<entry>, std::allocator<entry> >::_Alloc_node&) (stl_tree.h:1815)
       n1: 12582912 0x13FCBF: std::pair<std::_Rb_tree_iterator<entry>, bool> std::_Rb_tree<entry, entry, std::_Identity<entry>, std::less<entry>, std::allocator<entry> >::_M_insert_unique<entry const&>(entry const&) (stl_tree.h:2158)
        n1: 12582912 0x13F7AD: std::set<entry, std::less<entry>, std::allocator<entry> >::insert(entry const&) (stl_set.h:511)
         n1: 12582912 0x14E265: memory_buffer::PutValue(unsigned long, unsigned long) (buffer.cpp:105)
          n1: 12582912 0x147FF9: LSMTreeNoFTL::PutValue(unsigned long, unsigned long) (StorageManager.cpp:125)
           n1: 12582912 0x14870B: NoFTLKVInit() (StorageManager.cpp:409)
            n0: 12582912 0x10D31B: main (main.cpp:107)
 n1: 1572864 0x11D58D: __gnu_cxx::new_allocator<entry>::allocate(unsigned long, void const*) (new_allocator.h:114)
  n1: 1572864 0x11CB7E: std::allocator_traits<std::allocator<entry> >::allocate(std::allocator<entry>&, unsigned long) (alloc_traits.h:443)
   n1: 1572864 0x11BDB1: std::_Vector_base<entry, std::allocator<entry> >::_M_allocate(unsigned long) (stl_vector.h:343)
    n1: 1572864 0x14026E: void std::vector<entry, std::allocator<entry> >::_M_realloc_insert<entry const&>(__gnu_cxx::__normal_iterator<entry*, std::vector<entry, std::allocator<entry> > >, entry const&) (vector.tcc:440)
     n1: 1572864 0x13FBDB: void std::vector<entry, std::allocator<entry> >::emplace_back<entry const&>(entry const&) (vector.tcc:121)
      n1: 1572864 0x14E5BC: memory_buffer::GetEntries() (buffer.cpp:220)
       n1: 1572864 0x148045: LSMTreeNoFTL::PutValue(unsigned long, unsigned long) (StorageManager.cpp:136)
        n1: 1572864 0x14870B: NoFTLKVInit() (StorageManager.cpp:409)
         n0: 1572864 0x10D31B: main (main.cpp:107)
 n1: 520192 0x11D12B: __gnu_cxx::new_allocator<unsigned long>::allocate(unsigned long, void const*) (new_allocator.h:114)
  n1: 520192 0x11C439: std::allocator_traits<std::allocator<unsigned long> >::allocate(std::allocator<unsigned long>&, unsigned long) (alloc_traits.h:443)
   n2: 520192 0x11B5D1: std::_Vector_base<unsigned long, std::allocator<unsigned long> >::_M_allocate(unsigned long) (stl_vector.h:343)
    n1: 520192 0x11AC82: std::_Vector_base<unsigned long, std::allocator<unsigned long> >::_M_create_storage(unsigned long) (stl_vector.h:358)
     n1: 520192 0x119C4E: std::_Vector_base<unsigned long, std::allocator<unsigned long> >::_Vector_base(unsigned long, std::allocator<unsigned long> const&) (stl_vector.h:302)
      n1: 520192 0x11949E: std::vector<unsigned long, std::allocator<unsigned long> >::vector(std::vector<unsigned long, std::allocator<unsigned long> > const&) (stl_vector.h:552)
       n2: 520192 0x14B63B: NoFTLRun::NoFTLRun(NoFTLRun const&) (run.h:26)
        n1: 520192 0x14B6FC: void std::_Construct<NoFTLRun, NoFTLRun const&>(NoFTLRun*, NoFTLRun const&) (stl_construct.h:75)
         n1: 520192 0x14B2F6: NoFTLRun* std::__uninitialized_copy<false>::__uninit_copy<__gnu_cxx::__normal_iterator<NoFTLRun const*, std::vector<NoFTLRun, std::allocator<NoFTLRun> > >, NoFTLRun*>(__gnu_cxx::__normal_iterator<NoFTLRun const*, std::vector<NoFTLRun, std::allocator<NoFTLRun> > >, __gnu_cxx::__normal_iterator<NoFTLRun const*, std::vector<NoFTLRun, std::allocator<NoFTLRun> > >, NoFTLRun*) (stl_uninitialized.h:83)
          n1: 520192 0x14B0A1: NoFTLRun* std::uninitialized_copy<__gnu_cxx::__normal_iterator<NoFTLRun const*, std::vector<NoFTLRun, std::allocator<NoFTLRun> > >, NoFTLRun*>(__gnu_cxx::__normal_iterator<NoFTLRun const*, std::vector<NoFTLRun, std::allocator<NoFTLRun> > >, __gnu_cxx::__normal_iterator<NoFTLRun const*, std::vector<NoFTLRun, std::allocator<NoFTLRun> > >, NoFTLRun*) (stl_uninitialized.h:140)
           n1: 520192 0x14ADAA: NoFTLRun* std::__uninitialized_copy_a<__gnu_cxx::__normal_iterator<NoFTLRun const*, std::vector<NoFTLRun, std::allocator<NoFTLRun> > >, NoFTLRun*, NoFTLRun>(__gnu_cxx::__normal_iterator<NoFTLRun const*, std::vector<NoFTLRun, std::allocator<NoFTLRun> > >, __gnu_cxx::__normal_iterator<NoFTLRun const*, std::vector<NoFTLRun, std::allocator<NoFTLRun> > >, NoFTLRun*, std::allocator<NoFTLRun>&) (stl_uninitialized.h:307)
            n1: 520192 0x14A946: std::vector<NoFTLRun, std::allocator<NoFTLRun> >::vector(std::vector<NoFTLRun, std::allocator<NoFTLRun> > const&) (stl_vector.h:555)
             n1: 520192 0x14A414: NoFTLKVLevel::NoFTLKVLevel(NoFTLKVLevel const&) (level.h:26)
              n1: 520192 0x14A462: void __gnu_cxx::new_allocator<NoFTLKVLevel>::construct<NoFTLKVLevel, NoFTLKVLevel&>(NoFTLKVLevel*, NoFTLKVLevel&) (new_allocator.h:146)
               n1: 520192 0x149DEB: void std::allocator_traits<std::allocator<NoFTLKVLevel> >::construct<NoFTLKVLevel, NoFTLKVLevel&>(std::allocator<NoFTLKVLevel>&, NoFTLKVLevel*, NoFTLKVLevel&) (alloc_traits.h:483)
                n0: 520192 in 2 places, all below massif's threshold (1.00%)
        n0: 0 in 1 place, below massif's threshold (1.00%)
    n0: 0 in 1 place, below massif's threshold (1.00%)
 n0: 207048 in 20 places, all below massif's threshold (1.00%)
#-----------
snapshot=80
#-----------
time=1502205974
mem_heap_B=50010312
mem_heap_extra_B=2104120
mem_stacks_B=0
heap_tree=empty
#-----------
snapshot=81
#-----------
time=1502345774
mem_heap_B=50010312
mem_heap_extra_B=2104120
mem_stacks_B=0
heap_tree=detailed
n5: 50010312 (heap allocation functions) malloc/new/new[], --alloc-fns, etc.
 n1: 16777216 0x156CC0: nvm_buf_set_alloc (in /home/TiOCS/build/src)
  n1: 16777216 0x155F28: nvm_bp_init (in /home/TiOCS/build/src)
   n1: 16777216 0x156086: nvm_bp_init_from_args (in /home/TiOCS/build/src)
    n1: 16777216 0x10D1FB: GlobalInitialize(int, char**) (main.cpp:44)
     n0: 16777216 0x10D2F7: main (main.cpp:94)
 n1: 16777216 0x156CD9: nvm_buf_set_alloc (in /home/TiOCS/build/src)
  n1: 16777216 0x155F28: nvm_bp_init (in /home/TiOCS/build/src)
   n1: 16777216 0x156086: nvm_bp_init_from_args (in /home/TiOCS/build/src)
    n1: 16777216 0x10D1FB: GlobalInitialize(int, char**) (main.cpp:44)
     n0: 16777216 0x10D2F7: main (main.cpp:94)
 n1: 12582912 0x141328: __gnu_cxx::new_allocator<std::_Rb_tree_node<entry> >::allocate(unsigned long, void const*) (new_allocator.h:114)
  n1: 12582912 0x14121B: std::allocator_traits<std::allocator<std::_Rb_tree_node<entry> > >::allocate(std::allocator<std::_Rb_tree_node<entry> >&, unsigned long) (alloc_traits.h:443)
   n1: 12582912 0x14112E: std::_Rb_tree<entry, entry, std::_Identity<entry>, std::less<entry>, std::allocator<entry> >::_M_get_node() (stl_tree.h:580)
    n1: 12582912 0x1410A7: std::_Rb_tree_node<entry>* std::_Rb_tree<entry, entry, std::_Identity<entry>, std::less<entry>, std::allocator<entry> >::_M_create_node<entry const&>(entry const&) (stl_tree.h:630)
     n1: 12582912 0x140F8A: std::_Rb_tree_node<entry>* std::_Rb_tree<entry, entry, std::_Identity<entry>, std::less<entry>, std::allocator<entry> >::_Alloc_node::operator()<entry const&>(entry const&) const (stl_tree.h:548)
      n1: 12582912 0x14075F: std::_Rb_tree_iterator<entry> std::_Rb_tree<entry, entry, std::_Identity<entry>, std::less<entry>, std::allocator<entry> >::_M_insert_<entry const&, std::_Rb_tree<entry, entry, std::_Identity<entry>, std::less<entry>, std::allocator<entry> >::_Alloc_node>(std::_Rb_tree_node_base*, std::_Rb_tree_node_base*, entry const&, std::_Rb_tree<entry, entry, std::_Identity<entry>, std::less<entry>, std::allocator<entry> >::_Alloc_node&) (stl_tree.h:1815)
       n1: 12582912 0x13FCBF: std::pair<std::_Rb_tree_iterator<entry>, bool> std::_Rb_tree<entry, entry, std::_Identity<entry>, std::less<entry>, std::allocator<entry> >::_M_insert_unique<entry const&>(entry const&) (stl_tree.h:2158)
        n1: 12582912 0x13F7AD: std::set<entry, std::less<entry>, std::allocator<entry> >::insert(entry const&) (stl_set.h:511)
         n1: 12582912 0x14E265: memory_buffer::PutValue(unsigned long, unsigned long) (buffer.cpp:105)
          n1: 12582912 0x147FF9: LSMTreeNoFTL::PutValue(unsigned long, unsigned long) (StorageManager.cpp:125)
           n1: 12582912 0x14870B: NoFTLKVInit() (StorageManager.cpp:409)
            n0: 12582912 0x10D31B: main (main.cpp:107)
 n1: 3145728 0x11D58D: __gnu_cxx::new_allocator<entry>::allocate(unsigned long, void const*) (new_allocator.h:114)
  n1: 3145728 0x11CB7E: std::allocator_traits<std::allocator<entry> >::allocate(std::allocator<entry>&, unsigned long) (alloc_traits.h:443)
   n1: 3145728 0x11BDB1: std::_Vector_base<entry, std::allocator<entry> >::_M_allocate(unsigned long) (stl_vector.h:343)
    n1: 3145728 0x14026E: void std::vector<entry, std::allocator<entry> >::_M_realloc_insert<entry const&>(__gnu_cxx::__normal_iterator<entry*, std::vector<entry, std::allocator<entry> > >, entry const&) (vector.tcc:440)
     n1: 3145728 0x13FBDB: void std::vector<entry, std::allocator<entry> >::emplace_back<entry const&>(entry const&) (vector.tcc:121)
      n1: 3145728 0x14E5BC: memory_buffer::GetEntries() (buffer.cpp:220)
       n1: 3145728 0x148045: LSMTreeNoFTL::PutValue(unsigned long, unsigned long) (StorageManager.cpp:136)
        n1: 3145728 0x14870B: NoFTLKVInit() (StorageManager.cpp:409)
         n0: 3145728 0x10D31B: main (main.cpp:107)
 n0: 727240 in 21 places, all below massif's threshold (1.00%)
#-----------
snapshot=82
#-----------
time=1519860712
mem_heap_B=53156040
mem_heap_extra_B=2108152
mem_stacks_B=0
heap_tree=empty
#-----------
snapshot=83
#-----------
time=1520139776
mem_heap_B=53156040
mem_heap_extra_B=2108152
mem_stacks_B=0
heap_tree=detailed
n5: 53156040 (heap allocation functions) malloc/new/new[], --alloc-fns, etc.
 n1: 16777216 0x156CC0: nvm_buf_set_alloc (in /home/TiOCS/build/src)
  n1: 16777216 0x155F28: nvm_bp_init (in /home/TiOCS/build/src)
   n1: 16777216 0x156086: nvm_bp_init_from_args (in /home/TiOCS/build/src)
    n1: 16777216 0x10D1FB: GlobalInitialize(int, char**) (main.cpp:44)
     n0: 16777216 0x10D2F7: main (main.cpp:94)
 n1: 16777216 0x156CD9: nvm_buf_set_alloc (in /home/TiOCS/build/src)
  n1: 16777216 0x155F28: nvm_bp_init (in /home/TiOCS/build/src)
   n1: 16777216 0x156086: nvm_bp_init_from_args (in /home/TiOCS/build/src)
    n1: 16777216 0x10D1FB: GlobalInitialize(int, char**) (main.cpp:44)
     n0: 16777216 0x10D2F7: main (main.cpp:94)
 n1: 12582912 0x141328: __gnu_cxx::new_allocator<std::_Rb_tree_node<entry> >::allocate(unsigned long, void const*) (new_allocator.h:114)
  n1: 12582912 0x14121B: std::allocator_traits<std::allocator<std::_Rb_tree_node<entry> > >::allocate(std::allocator<std::_Rb_tree_node<entry> >&, unsigned long) (alloc_traits.h:443)
   n1: 12582912 0x14112E: std::_Rb_tree<entry, entry, std::_Identity<entry>, std::less<entry>, std::allocator<entry> >::_M_get_node() (stl_tree.h:580)
    n1: 12582912 0x1410A7: std::_Rb_tree_node<entry>* std::_Rb_tree<entry, entry, std::_Identity<entry>, std::less<entry>, std::allocator<entry> >::_M_create_node<entry const&>(entry const&) (stl_tree.h:630)
     n1: 12582912 0x140F8A: std::_Rb_tree_node<entry>* std::_Rb_tree<entry, entry, std::_Identity<entry>, std::less<entry>, std::allocator<entry> >::_Alloc_node::operator()<entry const&>(entry const&) const (stl_tree.h:548)
      n1: 12582912 0x14075F: std::_Rb_tree_iterator<entry> std::_Rb_tree<entry, entry, std::_Identity<entry>, std::less<entry>, std::allocator<entry> >::_M_insert_<entry const&, std::_Rb_tree<entry, entry, std::_Identity<entry>, std::less<entry>, std::allocator<entry> >::_Alloc_node>(std::_Rb_tree_node_base*, std::_Rb_tree_node_base*, entry const&, std::_Rb_tree<entry, entry, std::_Identity<entry>, std::less<entry>, std::allocator<entry> >::_Alloc_node&) (stl_tree.h:1815)
       n1: 12582912 0x13FCBF: std::pair<std::_Rb_tree_iterator<entry>, bool> std::_Rb_tree<entry, entry, std::_Identity<entry>, std::less<entry>, std::allocator<entry> >::_M_insert_unique<entry const&>(entry const&) (stl_tree.h:2158)
        n1: 12582912 0x13F7AD: std::set<entry, std::less<entry>, std::allocator<entry> >::insert(entry const&) (stl_set.h:511)
         n1: 12582912 0x14E265: memory_buffer::PutValue(unsigned long, unsigned long) (buffer.cpp:105)
          n1: 12582912 0x147FF9: LSMTreeNoFTL::PutValue(unsigned long, unsigned long) (StorageManager.cpp:125)
           n1: 12582912 0x14870B: NoFTLKVInit() (StorageManager.cpp:409)
            n0: 12582912 0x10D31B: main (main.cpp:107)
 n1: 6291456 0x11D58D: __gnu_cxx::new_allocator<entry>::allocate(unsigned long, void const*) (new_allocator.h:114)
  n1: 6291456 0x11CB7E: std::allocator_traits<std::allocator<entry> >::allocate(std::allocator<entry>&, unsigned long) (alloc_traits.h:443)
   n1: 6291456 0x11BDB1: std::_Vector_base<entry, std::allocator<entry> >::_M_allocate(unsigned long) (stl_vector.h:343)
    n1: 6291456 0x14026E: void std::vector<entry, std::allocator<entry> >::_M_realloc_insert<entry const&>(__gnu_cxx::__normal_iterator<entry*, std::vector<entry, std::allocator<entry> > >, entry const&) (vector.tcc:440)
     n1: 6291456 0x13FBDB: void std::vector<entry, std::allocator<entry> >::emplace_back<entry const&>(entry const&) (vector.tcc:121)
      n1: 6291456 0x14E5BC: memory_buffer::GetEntries() (buffer.cpp:220)
       n1: 6291456 0x148045: LSMTreeNoFTL::PutValue(unsigned long, unsigned long) (StorageManager.cpp:136)
        n1: 6291456 0x14870B: NoFTLKVInit() (StorageManager.cpp:409)
         n0: 6291456 0x10D31B: main (main.cpp:107)
 n0: 727240 in 21 places, all below massif's threshold (1.00%)
#-----------
snapshot=84
#-----------
time=1555169799
mem_heap_B=51058904
mem_heap_extra_B=2108152
mem_stacks_B=0
heap_tree=empty
#-----------
snapshot=85
#-----------
time=1559165579
mem_heap_B=51452104
mem_heap_extra_B=2108160
mem_stacks_B=0
heap_tree=empty
#-----------
snapshot=86
#-----------
time=1563156067
mem_heap_B=51845320
mem_heap_extra_B=2108160
mem_stacks_B=0
heap_tree=empty
#-----------
snapshot=87
#-----------
time=1571136059
mem_heap_B=52631752
mem_heap_extra_B=2108160
mem_stacks_B=0
heap_tree=empty
#-----------
snapshot=88
#-----------
time=1587095055
mem_heap_B=54204616
mem_heap_extra_B=2108160
mem_stacks_B=0
heap_tree=empty
#-----------
snapshot=89
#-----------
time=1587234855
mem_heap_B=54204616
mem_heap_extra_B=2108160
mem_stacks_B=0
heap_tree=detailed
n5: 54204616 (heap allocation functions) malloc/new/new[], --alloc-fns, etc.
 n1: 16777216 0x156CC0: nvm_buf_set_alloc (in /home/TiOCS/build/src)
  n1: 16777216 0x155F28: nvm_bp_init (in /home/TiOCS/build/src)
   n1: 16777216 0x156086: nvm_bp_init_from_args (in /home/TiOCS/build/src)
    n1: 16777216 0x10D1FB: GlobalInitialize(int, char**) (main.cpp:44)
     n0: 16777216 0x10D2F7: main (main.cpp:94)
 n1: 16777216 0x156CD9: nvm_buf_set_alloc (in /home/TiOCS/build/src)
  n1: 16777216 0x155F28: nvm_bp_init (in /home/TiOCS/build/src)
   n1: 16777216 0x156086: nvm_bp_init_from_args (in /home/TiOCS/build/src)
    n1: 16777216 0x10D1FB: GlobalInitialize(int, char**) (main.cpp:44)
     n0: 16777216 0x10D2F7: main (main.cpp:94)
 n1: 12582912 0x141328: __gnu_cxx::new_allocator<std::_Rb_tree_node<entry> >::allocate(unsigned long, void const*) (new_allocator.h:114)
  n1: 12582912 0x14121B: std::allocator_traits<std::allocator<std::_Rb_tree_node<entry> > >::allocate(std::allocator<std::_Rb_tree_node<entry> >&, unsigned long) (alloc_traits.h:443)
   n1: 12582912 0x14112E: std::_Rb_tree<entry, entry, std::_Identity<entry>, std::less<entry>, std::allocator<entry> >::_M_get_node() (stl_tree.h:580)
    n1: 12582912 0x1410A7: std::_Rb_tree_node<entry>* std::_Rb_tree<entry, entry, std::_Identity<entry>, std::less<entry>, std::allocator<entry> >::_M_create_node<entry const&>(entry const&) (stl_tree.h:630)
     n1: 12582912 0x140F8A: std::_Rb_tree_node<entry>* std::_Rb_tree<entry, entry, std::_Identity<entry>, std::less<entry>, std::allocator<entry> >::_Alloc_node::operator()<entry const&>(entry const&) const (stl_tree.h:548)
      n1: 12582912 0x14075F: std::_Rb_tree_iterator<entry> std::_Rb_tree<entry, entry, std::_Identity<entry>, std::less<entry>, std::allocator<entry> >::_M_insert_<entry const&, std::_Rb_tree<entry, entry, std::_Identity<entry>, std::less<entry>, std::allocator<entry> >::_Alloc_node>(std::_Rb_tree_node_base*, std::_Rb_tree_node_base*, entry const&, std::_Rb_tree<entry, entry, std::_Identity<entry>, std::less<entry>, std::allocator<entry> >::_Alloc_node&) (stl_tree.h:1815)
       n1: 12582912 0x13FCBF: std::pair<std::_Rb_tree_iterator<entry>, bool> std::_Rb_tree<entry, entry, std::_Identity<entry>, std::less<entry>, std::allocator<entry> >::_M_insert_unique<entry const&>(entry const&) (stl_tree.h:2158)
        n1: 12582912 0x13F7AD: std::set<entry, std::less<entry>, std::allocator<entry> >::insert(entry const&) (stl_set.h:511)
         n1: 12582912 0x14E265: memory_buffer::PutValue(unsigned long, unsigned long) (buffer.cpp:105)
          n1: 12582912 0x147FF9: LSMTreeNoFTL::PutValue(unsigned long, unsigned long) (StorageManager.cpp:125)
           n1: 12582912 0x14870B: NoFTLKVInit() (StorageManager.cpp:409)
            n0: 12582912 0x10D31B: main (main.cpp:107)
 n1: 7340032 0x11D58D: __gnu_cxx::new_allocator<entry>::allocate(unsigned long, void const*) (new_allocator.h:114)
  n1: 7340032 0x11CB7E: std::allocator_traits<std::allocator<entry> >::allocate(std::allocator<entry>&, unsigned long) (alloc_traits.h:443)
   n2: 7340032 0x11BDB1: std::_Vector_base<entry, std::allocator<entry> >::_M_allocate(unsigned long) (stl_vector.h:343)
    n1: 4194304 0x14026E: void std::vector<entry, std::allocator<entry> >::_M_realloc_insert<entry const&>(__gnu_cxx::__normal_iterator<entry*, std::vector<entry, std::allocator<entry> > >, entry const&) (vector.tcc:440)
     n1: 4194304 0x13FBDB: void std::vector<entry, std::allocator<entry> >::emplace_back<entry const&>(entry const&) (vector.tcc:121)
      n1: 4194304 0x14E5BC: memory_buffer::GetEntries() (buffer.cpp:220)
       n1: 4194304 0x148045: LSMTreeNoFTL::PutValue(unsigned long, unsigned long) (StorageManager.cpp:136)
        n1: 4194304 0x14870B: NoFTLKVInit() (StorageManager.cpp:409)
         n0: 4194304 0x10D31B: main (main.cpp:107)
    n1: 3145728 0x128A20: void std::vector<entry, std::allocator<entry> >::_M_realloc_insert<entry&>(__gnu_cxx::__normal_iterator<entry*, std::vector<entry, std::allocator<entry> > >, entry&) (vector.tcc:440)
     n1: 3145728 0x127FDB: void std::vector<entry, std::allocator<entry> >::emplace_back<entry&>(entry&) (vector.tcc:121)
      n1: 3145728 0x14BF9B: NoFTLRun::PutValue(entry) (run.cpp:104)
       n1: 3145728 0x14CDC7: NoFTLKVLevel::PutValue(entry) (level.cpp:34)
        n1: 3145728 0x148103: LSMTreeNoFTL::PutValue(unsigned long, unsigned long) (StorageManager.cpp:142)
         n1: 3145728 0x14870B: NoFTLKVInit() (StorageManager.cpp:409)
          n0: 3145728 0x10D31B: main (main.cpp:107)
 n0: 727240 in 21 places, all below massif's threshold (1.00%)
#-----------
snapshot=90
#-----------
time=1618102761
mem_heap_B=57350344
mem_heap_extra_B=2112192
mem_stacks_B=0
heap_tree=empty
#-----------
snapshot=91
#-----------
time=1618381825
mem_heap_B=57350344
mem_heap_extra_B=2112192
mem_stacks_B=0
heap_tree=detailed
n5: 57350344 (heap allocation functions) malloc/new/new[], --alloc-fns, etc.
 n1: 16777216 0x156CC0: nvm_buf_set_alloc (in /home/TiOCS/build/src)
  n1: 16777216 0x155F28: nvm_bp_init (in /home/TiOCS/build/src)
   n1: 16777216 0x156086: nvm_bp_init_from_args (in /home/TiOCS/build/src)
    n1: 16777216 0x10D1FB: GlobalInitialize(int, char**) (main.cpp:44)
     n0: 16777216 0x10D2F7: main (main.cpp:94)
 n1: 16777216 0x156CD9: nvm_buf_set_alloc (in /home/TiOCS/build/src)
  n1: 16777216 0x155F28: nvm_bp_init (in /home/TiOCS/build/src)
   n1: 16777216 0x156086: nvm_bp_init_from_args (in /home/TiOCS/build/src)
    n1: 16777216 0x10D1FB: GlobalInitialize(int, char**) (main.cpp:44)
     n0: 16777216 0x10D2F7: main (main.cpp:94)
 n1: 12582912 0x141328: __gnu_cxx::new_allocator<std::_Rb_tree_node<entry> >::allocate(unsigned long, void const*) (new_allocator.h:114)
  n1: 12582912 0x14121B: std::allocator_traits<std::allocator<std::_Rb_tree_node<entry> > >::allocate(std::allocator<std::_Rb_tree_node<entry> >&, unsigned long) (alloc_traits.h:443)
   n1: 12582912 0x14112E: std::_Rb_tree<entry, entry, std::_Identity<entry>, std::less<entry>, std::allocator<entry> >::_M_get_node() (stl_tree.h:580)
    n1: 12582912 0x1410A7: std::_Rb_tree_node<entry>* std::_Rb_tree<entry, entry, std::_Identity<entry>, std::less<entry>, std::allocator<entry> >::_M_create_node<entry const&>(entry const&) (stl_tree.h:630)
     n1: 12582912 0x140F8A: std::_Rb_tree_node<entry>* std::_Rb_tree<entry, entry, std::_Identity<entry>, std::less<entry>, std::allocator<entry> >::_Alloc_node::operator()<entry const&>(entry const&) const (stl_tree.h:548)
      n1: 12582912 0x14075F: std::_Rb_tree_iterator<entry> std::_Rb_tree<entry, entry, std::_Identity<entry>, std::less<entry>, std::allocator<entry> >::_M_insert_<entry const&, std::_Rb_tree<entry, entry, std::_Identity<entry>, std::less<entry>, std::allocator<entry> >::_Alloc_node>(std::_Rb_tree_node_base*, std::_Rb_tree_node_base*, entry const&, std::_Rb_tree<entry, entry, std::_Identity<entry>, std::less<entry>, std::allocator<entry> >::_Alloc_node&) (stl_tree.h:1815)
       n1: 12582912 0x13FCBF: std::pair<std::_Rb_tree_iterator<entry>, bool> std::_Rb_tree<entry, entry, std::_Identity<entry>, std::less<entry>, std::allocator<entry> >::_M_insert_unique<entry const&>(entry const&) (stl_tree.h:2158)
        n1: 12582912 0x13F7AD: std::set<entry, std::less<entry>, std::allocator<entry> >::insert(entry const&) (stl_set.h:511)
         n1: 12582912 0x14E265: memory_buffer::PutValue(unsigned long, unsigned long) (buffer.cpp:105)
          n1: 12582912 0x147FF9: LSMTreeNoFTL::PutValue(unsigned long, unsigned long) (StorageManager.cpp:125)
           n1: 12582912 0x14870B: NoFTLKVInit() (StorageManager.cpp:409)
            n0: 12582912 0x10D31B: main (main.cpp:107)
 n1: 10485760 0x11D58D: __gnu_cxx::new_allocator<entry>::allocate(unsigned long, void const*) (new_allocator.h:114)
  n1: 10485760 0x11CB7E: std::allocator_traits<std::allocator<entry> >::allocate(std::allocator<entry>&, unsigned long) (alloc_traits.h:443)
   n2: 10485760 0x11BDB1: std::_Vector_base<entry, std::allocator<entry> >::_M_allocate(unsigned long) (stl_vector.h:343)
    n1: 6291456 0x128A20: void std::vector<entry, std::allocator<entry> >::_M_realloc_insert<entry&>(__gnu_cxx::__normal_iterator<entry*, std::vector<entry, std::allocator<entry> > >, entry&) (vector.tcc:440)
     n1: 6291456 0x127FDB: void std::vector<entry, std::allocator<entry> >::emplace_back<entry&>(entry&) (vector.tcc:121)
      n1: 6291456 0x14BF9B: NoFTLRun::PutValue(entry) (run.cpp:104)
       n1: 6291456 0x14CDC7: NoFTLKVLevel::PutValue(entry) (level.cpp:34)
        n1: 6291456 0x148103: LSMTreeNoFTL::PutValue(unsigned long, unsigned long) (StorageManager.cpp:142)
         n1: 6291456 0x14870B: NoFTLKVInit() (StorageManager.cpp:409)
          n0: 6291456 0x10D31B: main (main.cpp:107)
    n1: 4194304 0x14026E: void std::vector<entry, std::allocator<entry> >::_M_realloc_insert<entry const&>(__gnu_cxx::__normal_iterator<entry*, std::vector<entry, std::allocator<entry> > >, entry const&) (vector.tcc:440)
     n1: 4194304 0x13FBDB: void std::vector<entry, std::allocator<entry> >::emplace_back<entry const&>(entry const&) (vector.tcc:121)
      n1: 4194304 0x14E5BC: memory_buffer::GetEntries() (buffer.cpp:220)
       n1: 4194304 0x148045: LSMTreeNoFTL::PutValue(unsigned long, unsigned long) (StorageManager.cpp:136)
        n1: 4194304 0x14870B: NoFTLKVInit() (StorageManager.cpp:409)
         n0: 4194304 0x10D31B: main (main.cpp:107)
 n0: 727240 in 21 places, all below massif's threshold (1.00%)
#-----------
snapshot=92
#-----------
time=1680116889
mem_heap_B=55253200
mem_heap_extra_B=2112200
mem_stacks_B=0
heap_tree=empty
#-----------
snapshot=93
#-----------
time=1682807816
mem_heap_B=59627984
mem_heap_extra_B=2116336
mem_stacks_B=0
heap_tree=empty
#-----------
snapshot=94
#-----------
time=1685577375
mem_heap_B=59840976
mem_heap_extra_B=2116440
mem_stacks_B=0
heap_tree=empty
#-----------
snapshot=95
#-----------
time=1688356290
mem_heap_B=59977216
mem_heap_extra_B=2116640
mem_stacks_B=0
heap_tree=empty
#-----------
snapshot=96
#-----------
time=1688775596
mem_heap_B=59981776
mem_heap_extra_B=2116760
mem_stacks_B=0
heap_tree=peak
n5: 59981776 (heap allocation functions) malloc/new/new[], --alloc-fns, etc.
 n1: 16777216 0x156CC0: nvm_buf_set_alloc (in /home/TiOCS/build/src)
  n1: 16777216 0x155F28: nvm_bp_init (in /home/TiOCS/build/src)
   n1: 16777216 0x156086: nvm_bp_init_from_args (in /home/TiOCS/build/src)
    n1: 16777216 0x10D1FB: GlobalInitialize(int, char**) (main.cpp:44)
     n0: 16777216 0x10D2F7: main (main.cpp:94)
 n1: 16777216 0x156CD9: nvm_buf_set_alloc (in /home/TiOCS/build/src)
  n1: 16777216 0x155F28: nvm_bp_init (in /home/TiOCS/build/src)
   n1: 16777216 0x156086: nvm_bp_init_from_args (in /home/TiOCS/build/src)
    n1: 16777216 0x10D1FB: GlobalInitialize(int, char**) (main.cpp:44)
     n0: 16777216 0x10D2F7: main (main.cpp:94)
 n1: 12582912 0x11D58D: __gnu_cxx::new_allocator<entry>::allocate(unsigned long, void const*) (new_allocator.h:114)
  n1: 12582912 0x11CB7E: std::allocator_traits<std::allocator<entry> >::allocate(std::allocator<entry>&, unsigned long) (alloc_traits.h:443)
   n3: 12582912 0x11BDB1: std::_Vector_base<entry, std::allocator<entry> >::_M_allocate(unsigned long) (stl_vector.h:343)
    n1: 4194304 0x11AE34: std::_Vector_base<entry, std::allocator<entry> >::_M_create_storage(unsigned long) (stl_vector.h:358)
     n1: 4194304 0x119EF6: std::_Vector_base<entry, std::allocator<entry> >::_Vector_base(unsigned long, std::allocator<entry> const&) (stl_vector.h:302)
      n1: 4194304 0x119606: std::vector<entry, std::allocator<entry> >::vector(std::vector<entry, std::allocator<entry> > const&) (stl_vector.h:552)
       n1: 4194304 0x14BBDF: NoFTLRun::RunDataWrite() (run.cpp:44)
        n1: 4194304 0x14C02C: NoFTLRun::PutValue(entry) (run.cpp:112)
         n1: 4194304 0x14CDC7: NoFTLKVLevel::PutValue(entry) (level.cpp:34)
          n1: 4194304 0x148103: LSMTreeNoFTL::PutValue(unsigned long, unsigned long) (StorageManager.cpp:142)
           n1: 4194304 0x14870B: NoFTLKVInit() (StorageManager.cpp:409)
            n0: 4194304 0x10D31B: main (main.cpp:107)
    n1: 4194304 0x128A20: void std::vector<entry, std::allocator<entry> >::_M_realloc_insert<entry&>(__gnu_cxx::__normal_iterator<entry*, std::vector<entry, std::allocator<entry> > >, entry&) (vector.tcc:440)
     n1: 4194304 0x127FDB: void std::vector<entry, std::allocator<entry> >::emplace_back<entry&>(entry&) (vector.tcc:121)
      n1: 4194304 0x14BF9B: NoFTLRun::PutValue(entry) (run.cpp:104)
       n1: 4194304 0x14CDC7: NoFTLKVLevel::PutValue(entry) (level.cpp:34)
        n1: 4194304 0x148103: LSMTreeNoFTL::PutValue(unsigned long, unsigned long) (StorageManager.cpp:142)
         n1: 4194304 0x14870B: NoFTLKVInit() (StorageManager.cpp:409)
          n0: 4194304 0x10D31B: main (main.cpp:107)
    n1: 4194304 0x14026E: void std::vector<entry, std::allocator<entry> >::_M_realloc_insert<entry const&>(__gnu_cxx::__normal_iterator<entry*, std::vector<entry, std::allocator<entry> > >, entry const&) (vector.tcc:440)
     n1: 4194304 0x13FBDB: void std::vector<entry, std::allocator<entry> >::emplace_back<entry const&>(entry const&) (vector.tcc:121)
      n1: 4194304 0x14E5BC: memory_buffer::GetEntries() (buffer.cpp:220)
       n1: 4194304 0x148045: LSMTreeNoFTL::PutValue(unsigned long, unsigned long) (StorageManager.cpp:136)
        n1: 4194304 0x14870B: NoFTLKVInit() (StorageManager.cpp:409)
         n0: 4194304 0x10D31B: main (main.cpp:107)
 n1: 12582912 0x141328: __gnu_cxx::new_allocator<std::_Rb_tree_node<entry> >::allocate(unsigned long, void const*) (new_allocator.h:114)
  n1: 12582912 0x14121B: std::allocator_traits<std::allocator<std::_Rb_tree_node<entry> > >::allocate(std::allocator<std::_Rb_tree_node<entry> >&, unsigned long) (alloc_traits.h:443)
   n1: 12582912 0x14112E: std::_Rb_tree<entry, entry, std::_Identity<entry>, std::less<entry>, std::allocator<entry> >::_M_get_node() (stl_tree.h:580)
    n1: 12582912 0x1410A7: std::_Rb_tree_node<entry>* std::_Rb_tree<entry, entry, std::_Identity<entry>, std::less<entry>, std::allocator<entry> >::_M_create_node<entry const&>(entry const&) (stl_tree.h:630)
     n1: 12582912 0x140F8A: std::_Rb_tree_node<entry>* std::_Rb_tree<entry, entry, std::_Identity<entry>, std::less<entry>, std::allocator<entry> >::_Alloc_node::operator()<entry const&>(entry const&) const (stl_tree.h:548)
      n1: 12582912 0x14075F: std::_Rb_tree_iterator<entry> std::_Rb_tree<entry, entry, std::_Identity<entry>, std::less<entry>, std::allocator<entry> >::_M_insert_<entry const&, std::_Rb_tree<entry, entry, std::_Identity<entry>, std::less<entry>, std::allocator<entry> >::_Alloc_node>(std::_Rb_tree_node_base*, std::_Rb_tree_node_base*, entry const&, std::_Rb_tree<entry, entry, std::_Identity<entry>, std::less<entry>, std::allocator<entry> >::_Alloc_node&) (stl_tree.h:1815)
       n1: 12582912 0x13FCBF: std::pair<std::_Rb_tree_iterator<entry>, bool> std::_Rb_tree<entry, entry, std::_Identity<entry>, std::less<entry>, std::allocator<entry> >::_M_insert_unique<entry const&>(entry const&) (stl_tree.h:2158)
        n1: 12582912 0x13F7AD: std::set<entry, std::less<entry>, std::allocator<entry> >::insert(entry const&) (stl_set.h:511)
         n1: 12582912 0x14E265: memory_buffer::PutValue(unsigned long, unsigned long) (buffer.cpp:105)
          n1: 12582912 0x147FF9: LSMTreeNoFTL::PutValue(unsigned long, unsigned long) (StorageManager.cpp:125)
           n1: 12582912 0x14870B: NoFTLKVInit() (StorageManager.cpp:409)
            n0: 12582912 0x10D31B: main (main.cpp:107)
 n0: 1261520 in 23 places, all below massif's threshold (1.00%)
